[05:06:46] [main/WARN]: Ambiguity between arguments [teleport, destination] and [teleport, targets] with inputs: [Player, 0123, @e, dd12be42-52a9-4a91-a8a1-11c01849e498]
[05:06:46] [main/WARN]: Ambiguity between arguments [teleport, location] and [teleport, destination] with inputs: [0.1 -0.5 .9, 0 0 0]
[05:06:46] [main/WARN]: Ambiguity between arguments [teleport, location] and [teleport, targets] with inputs: [0.1 -0.5 .9, 0 0 0]
[05:06:46] [main/WARN]: Ambiguity between arguments [teleport, targets] and [teleport, destination] with inputs: [Player, 0123, dd12be42-52a9-4a91-a8a1-11c01849e498]
[05:06:46] [main/WARN]: Ambiguity between arguments [teleport, targets, location] and [teleport, targets, destination] with inputs: [0.1 -0.5 .9, 0 0 0]
[05:06:46] [Server thread/INFO]: Starting minecraft server version 1.15.2
[05:06:46] [Server thread/INFO]: Loading properties
[05:06:46] [Server thread/INFO]: Default game type: SURVIVAL
[05:06:46] [Server thread/INFO]: Generating keypair
[05:06:46] [Server console handler/ERROR]: Exception handling console input
java.io.IOException: Bad file descriptor
	at java.io.FileInputStream.readBytes(Native Method) ~[?:?]
	at java.io.FileInputStream.read(FileInputStream.java:279) ~[?:?]
	at java.io.BufferedInputStream.read1(BufferedInputStream.java:290) ~[?:?]
	at java.io.BufferedInputStream.read(BufferedInputStream.java:351) ~[?:?]
	at sun.nio.cs.StreamDecoder.readBytes(StreamDecoder.java:284) ~[?:?]
	at sun.nio.cs.StreamDecoder.implRead(StreamDecoder.java:326) ~[?:?]
	at sun.nio.cs.StreamDecoder.read(StreamDecoder.java:178) ~[?:?]
	at java.io.InputStreamReader.read(InputStreamReader.java:185) ~[?:?]
	at java.io.BufferedReader.fill(BufferedReader.java:161) ~[?:?]
	at java.io.BufferedReader.readLine(BufferedReader.java:326) ~[?:?]
	at java.io.BufferedReader.readLine(BufferedReader.java:392) ~[?:?]
	at wd$2.run(SourceFile:110) [minecraft_server.1.15.2.jar:?]
[05:06:46] [Server thread/INFO]: Starting Minecraft server on *:25565
[05:06:46] [Server thread/INFO]: Using epoll channel type
[05:06:47] [Server thread/WARN]: **** SERVER IS RUNNING IN OFFLINE/INSECURE MODE!
[05:06:47] [Server thread/WARN]: The server will make no attempt to authenticate usernames. Beware.
[05:06:47] [Server thread/WARN]: While this makes the game possible to play without internet access, it also opens up the ability for hackers to connect with any username they choose.
[05:06:47] [Server thread/WARN]: To change this, set "online-mode" to "true" in the server.properties file.
[05:06:47] [Server thread/INFO]: Preparing level "world"
[05:06:47] [Server thread/INFO]: Reloading ResourceManager: Default
[05:07:21] [Server thread/INFO]: Loaded 6 recipes
[05:07:21] [Server thread/INFO]: Loaded 825 advancements
[05:07:22] [Server thread/INFO]: Preparing start region for dimension minecraft:overworld
[05:07:24] [Server thread/INFO]: Preparing spawn area: 0%
[05:07:24] [Server thread/INFO]: Preparing spawn area: 0%
[05:07:24] [Server thread/INFO]: Preparing spawn area: 0%
[05:07:24] [Server thread/INFO]: Preparing spawn area: 0%
[05:07:24] [Server thread/INFO]: Preparing spawn area: 0%
[05:07:24] [Server thread/INFO]: Preparing spawn area: 0%
[05:07:25] [Server thread/INFO]: Preparing spawn area: 20%
[05:07:25] [Server thread/INFO]: Time elapsed: 3583 ms
[05:07:25] [Server thread/INFO]: Done (38.525s)! For help, type "help"
[19:48:55] [Server thread/INFO]: wnzny[/113.91.88.103:22564] logged in with entity id 215 at (181.5, 63.0, -93.5)
[19:48:55] [Server thread/INFO]: wnzny joined the game
[19:49:07] [Server thread/WARN]: Mismatch in destroy block pos: fk{x=0, y=0, z=0} fk{x=180, y=63, z=-94}
[19:49:09] [Server thread/WARN]: Mismatch in destroy block pos: fk{x=0, y=0, z=0} fk{x=180, y=63, z=-94}
[19:49:11] [Server thread/WARN]: Mismatch in destroy block pos: fk{x=0, y=0, z=0} fk{x=182, y=62, z=-99}
[19:49:12] [Server thread/WARN]: Mismatch in destroy block pos: fk{x=0, y=0, z=0} fk{x=182, y=62, z=-100}
[19:49:13] [Server thread/WARN]: Mismatch in destroy block pos: fk{x=0, y=0, z=0} fk{x=185, y=62, z=-100}
[19:49:13] [Server thread/WARN]: Mismatch in destroy block pos: fk{x=0, y=0, z=0} fk{x=186, y=62, z=-100}
[19:49:56] [Server thread/INFO]: wnzny has made the advancement [Sweet Dreams]
[19:56:29] [Server thread/INFO]: wnzny has reached the goal [Sky's the Limit]
[19:56:47] [Server thread/INFO]: wnzny fell from a high place
[19:57:47] [Server thread/INFO]: wnzny fell from a high place
[19:57:49] [Server thread/FATAL]: Error executing task on Server
java.lang.NullPointerException: null
	at ww.b(SourceFile:201) ~[minecraft_server.1.15.2.jar:?]
	at wp.a(SourceFile:904) ~[minecraft_server.1.15.2.jar:?]
	at xb.a(SourceFile:479) ~[minecraft_server.1.15.2.jar:?]
	at xv.a(SourceFile:848) ~[minecraft_server.1.15.2.jar:?]
	at qd.a(SourceFile:122) ~[minecraft_server.1.15.2.jar:?]
	at qd$b.a(SourceFile:18) ~[minecraft_server.1.15.2.jar:?]
	at lv.a(SourceFile:21) ~[minecraft_server.1.15.2.jar:?]
	at tb.run(SourceFile:18) ~[minecraft_server.1.15.2.jar:?]
	at ais.c(SourceFile:144) [minecraft_server.1.15.2.jar:?]
	at aiw.c(SourceFile:23) [minecraft_server.1.15.2.jar:?]
	at net.minecraft.server.MinecraftServer.b(SourceFile:743) [minecraft_server.1.15.2.jar:?]
	at net.minecraft.server.MinecraftServer.c(SourceFile:138) [minecraft_server.1.15.2.jar:?]
	at ais.w(SourceFile:118) [minecraft_server.1.15.2.jar:?]
	at net.minecraft.server.MinecraftServer.ba(SourceFile:725) [minecraft_server.1.15.2.jar:?]
	at net.minecraft.server.MinecraftServer.w(SourceFile:719) [minecraft_server.1.15.2.jar:?]
	at ais.c(SourceFile:127) [minecraft_server.1.15.2.jar:?]
	at net.minecraft.server.MinecraftServer.v(SourceFile:704) [minecraft_server.1.15.2.jar:?]
	at net.minecraft.server.MinecraftServer.run(SourceFile:659) [minecraft_server.1.15.2.jar:?]
	at java.lang.Thread.run(Thread.java:834) [?:?]
[19:57:50] [Server thread/FATAL]: Error executing task on Server
java.lang.NullPointerException: null
	at ww.b(SourceFile:201) ~[minecraft_server.1.15.2.jar:?]
	at wp.a(SourceFile:904) ~[minecraft_server.1.15.2.jar:?]
	at xb.a(SourceFile:479) ~[minecraft_server.1.15.2.jar:?]
	at xv.a(SourceFile:848) ~[minecraft_server.1.15.2.jar:?]
	at qd.a(SourceFile:122) ~[minecraft_server.1.15.2.jar:?]
	at qd$b.a(SourceFile:18) ~[minecraft_server.1.15.2.jar:?]
	at lv.a(SourceFile:21) ~[minecraft_server.1.15.2.jar:?]
	at tb.run(SourceFile:18) ~[minecraft_server.1.15.2.jar:?]
	at ais.c(SourceFile:144) [minecraft_server.1.15.2.jar:?]
	at aiw.c(SourceFile:23) [minecraft_server.1.15.2.jar:?]
	at net.minecraft.server.MinecraftServer.b(SourceFile:743) [minecraft_server.1.15.2.jar:?]
	at net.minecraft.server.MinecraftServer.c(SourceFile:138) [minecraft_server.1.15.2.jar:?]
	at ais.w(SourceFile:118) [minecraft_server.1.15.2.jar:?]
	at net.minecraft.server.MinecraftServer.ba(SourceFile:725) [minecraft_server.1.15.2.jar:?]
	at net.minecraft.server.MinecraftServer.w(SourceFile:719) [minecraft_server.1.15.2.jar:?]
	at ais.c(SourceFile:127) [minecraft_server.1.15.2.jar:?]
	at net.minecraft.server.MinecraftServer.v(SourceFile:704) [minecraft_server.1.15.2.jar:?]
	at net.minecraft.server.MinecraftServer.run(SourceFile:659) [minecraft_server.1.15.2.jar:?]
	at java.lang.Thread.run(Thread.java:834) [?:?]
[19:59:13] [Server thread/INFO]: wnzny has made the advancement [Take Aim]
[19:59:14] [Server thread/INFO]: wnzny burned to death
[20:01:32] [Server thread/INFO]: wnzny has made the advancement [Monster Hunter]
[20:01:59] [Server thread/INFO]: wnzny was shot by Skeleton
[20:02:26] [Server thread/WARN]: wnzny moved too quickly! -16.99300581975237,-2.1457007395165846,-5.298876049369042
[20:04:07] [Server thread/INFO]: wnzny has made the advancement [A Seedy Place]
[20:05:53] [Server thread/INFO]: wnzny has made the advancement [The Parrots and the Bats]
[20:06:23] [Server thread/INFO]: Leo[/113.91.88.103:23115] logged in with entity id 3983 at (299.8219368552138, 71.0, -64.10382424584402)
[20:06:23] [Server thread/INFO]: Leo joined the game
[20:06:32] [Server thread/INFO]: wnzny lost connection: Disconnected
[20:06:32] [Server thread/INFO]: wnzny left the game
[20:06:42] [Server thread/INFO]: Leo lost connection: Timed out
[20:06:42] [Server thread/INFO]: Leo left the game
[20:06:48] [Server thread/INFO]: Leo[/113.91.88.103:23137] logged in with entity id 4045 at (299.8219368552138, 71.0, -64.10382424584402)
[20:06:48] [Server thread/INFO]: Leo joined the game
[20:07:03] [Server thread/INFO]: Leo lost connection: Disconnected
[20:07:03] [Server thread/INFO]: Leo left the game
[20:09:02] [Server thread/INFO]: 西瓜王[/113.91.88.103:23251] logged in with entity id 4075 at (178.5, 64.0, -104.5)
[20:09:02] [Server thread/INFO]: 西瓜王 joined the game
[20:09:46] [Server thread/INFO]: Leo[/113.91.88.103:23305] logged in with entity id 4230 at (299.8219368552138, 71.0, -64.10382424584402)
[20:09:46] [Server thread/INFO]: Leo joined the game
[20:10:05] [Server thread/INFO]: Leo lost connection: Disconnected
[20:10:05] [Server thread/INFO]: Leo left the game
[20:11:37] [Server thread/INFO]: 西瓜王 fell from a high place
[20:13:00] [Server thread/INFO]: Skye[/113.91.88.103:23411] logged in with entity id 4920 at (186.5, 64.0, -92.5)
[20:13:00] [Server thread/INFO]: Skye joined the game
[20:13:22] [Server thread/INFO]: Skye lost connection: Timed out
[20:13:22] [Server thread/INFO]: Skye left the game
[20:13:34] [Server thread/INFO]: Skye[/113.91.88.103:23431] logged in with entity id 5108 at (186.5, 64.0, -92.5)
[20:13:34] [Server thread/INFO]: Skye joined the game
[20:14:57] [Server thread/WARN]: Mismatch in destroy block pos: fk{x=0, y=0, z=0} fk{x=184, y=63, z=-93}
[20:14:58] [Server thread/WARN]: Mismatch in destroy block pos: fk{x=0, y=0, z=0} fk{x=184, y=63, z=-93}
[20:15:18] [Server thread/INFO]: 西瓜王 has reached the goal [Sky's the Limit]
[20:15:41] [Server thread/INFO]: Skye was shot by Skeleton
[20:17:38] [Server thread/INFO]: Skye has made the advancement [Sweet Dreams]
[20:17:42] [Server thread/INFO]: 西瓜王 has made the advancement [Sweet Dreams]
[20:22:05] [Server thread/INFO]: Skye fell from a high place
[20:22:16] [Server thread/INFO]: 西瓜王 fell from a high place
[20:22:43] [Server thread/INFO]: Skye fell from a high place
[20:22:45] [Server thread/INFO]: 西瓜王 lost connection: Timed out
[20:22:45] [Server thread/INFO]: 西瓜王 left the game
[20:22:48] [Server thread/INFO]: 西瓜王[/113.91.88.103:23816] logged in with entity id 6747 at (242.68348314600317, 253.00133597911216, -78.10278370702903)
[20:22:48] [Server thread/INFO]: 西瓜王 joined the game
[20:23:17] [Server thread/INFO]: 西瓜王 lost connection: Timed out
[20:23:17] [Server thread/INFO]: 西瓜王 left the game
[20:23:21] [Server thread/INFO]: Skye lost connection: Timed out
[20:23:21] [Server thread/INFO]: Skye left the game
[20:23:22] [Server thread/INFO]: 西瓜王[/113.91.88.103:23821] logged in with entity id 6765 at (242.68348314600317, 252.0, -78.10278370702903)
[20:23:22] [Server thread/INFO]: 西瓜王 joined the game
[20:23:25] [Server thread/INFO]: Skye[/113.91.88.103:23826] logged in with entity id 6767 at (254.80184013920962, 88.0, -94.76213878222127)
[20:23:25] [Server thread/INFO]: Skye joined the game
[20:24:00] [Server thread/INFO]: Skye lost connection: Timed out
[20:24:00] [Server thread/INFO]: Skye left the game
[20:24:06] [Server thread/INFO]: Skye[/113.91.88.103:23834] logged in with entity id 6930 at (254.80184013920962, 88.0, -94.76213878222127)
[20:24:06] [Server thread/INFO]: Skye joined the game
[20:24:22] [Server thread/INFO]: Skye lost connection: Timed out
[20:24:22] [Server thread/INFO]: Skye left the game
[20:24:40] [Server thread/INFO]: Skye[/113.91.88.103:23842] logged in with entity id 6978 at (254.56950696799123, 84.0, -83.25030738616688)
[20:24:40] [Server thread/INFO]: Skye joined the game
[20:24:57] [Server thread/INFO]: Skye lost connection: Timed out
[20:24:57] [Server thread/INFO]: Skye left the game
[20:25:07] [Server thread/INFO]: Skye[/113.91.88.103:23865] logged in with entity id 7024 at (252.16915387874155, 80.92159999847412, -73.44542576259038)
[20:25:07] [Server thread/INFO]: Skye joined the game
[20:25:24] [Server thread/INFO]: Skye lost connection: Timed out
[20:25:24] [Server thread/INFO]: Skye left the game
[20:26:02] [Server thread/INFO]: Skye[/113.91.88.103:23936] logged in with entity id 7218 at (248.46288712723486, 77.0, -70.09255975255164)
[20:26:02] [Server thread/INFO]: Skye joined the game
[20:26:12] [Server thread/WARN]: Mismatch in destroy block pos: fk{x=174, y=72, z=-26} fk{x=180, y=63, z=-92}
[20:26:13] [Server thread/WARN]: Mismatch in destroy block pos: fk{x=174, y=72, z=-26} fk{x=180, y=63, z=-92}
[20:26:14] [Server thread/WARN]: Mismatch in destroy block pos: fk{x=174, y=72, z=-26} fk{x=182, y=63, z=-95}
[20:26:15] [Server thread/WARN]: Mismatch in destroy block pos: fk{x=174, y=72, z=-26} fk{x=182, y=63, z=-95}
[20:26:21] [Server thread/INFO]: Skye lost connection: Timed out
[20:26:21] [Server thread/INFO]: Skye left the game
[20:26:31] [Server thread/WARN]: Mismatch in destroy block pos: fk{x=198, y=64, z=-89} fk{x=189, y=62, z=-92}
[20:26:31] [Server thread/WARN]: Mismatch in destroy block pos: fk{x=198, y=64, z=-89} fk{x=189, y=62, z=-93}
[20:26:35] [Server thread/WARN]: Mismatch in destroy block pos: fk{x=198, y=64, z=-89} fk{x=192, y=61, z=-94}
[20:26:42] [Server thread/WARN]: Mismatch in destroy block pos: fk{x=193, y=62, z=-90} fk{x=192, y=62, z=-90}
[20:26:45] [Server thread/INFO]: Skye[/113.91.88.103:23958] logged in with entity id 7409 at (244.84299243783346, 77.0, -70.04077108040009)
[20:26:45] [Server thread/INFO]: Skye joined the game
[20:27:08] [Server thread/INFO]: Skye lost connection: Timed out
[20:27:08] [Server thread/INFO]: Skye left the game
[20:27:17] [Server thread/INFO]: Skye[/113.91.88.103:23974] logged in with entity id 7568 at (239.1148144672348, 78.0, -68.29840109158862)
[20:27:17] [Server thread/INFO]: Skye joined the game
[20:27:23] [Server thread/INFO]: 西瓜王 lost connection: Disconnected
[20:27:23] [Server thread/INFO]: 西瓜王 left the game
[20:27:36] [Server thread/INFO]: Skye lost connection: Timed out
[20:27:36] [Server thread/INFO]: Skye left the game
[20:27:42] [Server thread/INFO]: 西瓜王[/113.91.88.103:23998] logged in with entity id 7648 at (264.1797263634442, 64.0, -165.20090269260209)
[20:27:42] [Server thread/INFO]: 西瓜王 joined the game
[20:29:38] [Server thread/INFO]: Skye[/113.91.88.103:24065] logged in with entity id 7934 at (250.30952937209986, 76.0, -68.92624089557428)
[20:29:38] [Server thread/INFO]: Skye joined the game
[20:29:57] [Server thread/INFO]: Skye lost connection: Timed out
[20:29:57] [Server thread/INFO]: Skye left the game
[20:30:02] [Server thread/INFO]: 西瓜王 lost connection: Disconnected
[20:30:02] [Server thread/INFO]: 西瓜王 left the game
[20:30:08] [Server thread/INFO]: Skye[/113.91.88.103:24085] logged in with entity id 7988 at (250.30952937209986, 76.0, -68.92624089557428)
[20:30:08] [Server thread/INFO]: Skye joined the game
[20:32:23] [Server thread/INFO]: Skye has reached the goal [Sky's the Limit]
[20:32:56] [Server thread/INFO]: Skye fell from a high place
[20:34:37] [Server thread/INFO]: 西瓜王[/113.91.88.103:24140] logged in with entity id 9832 at (244.3000000119209, 76.0, -67.29588455069769)
[20:34:37] [Server thread/INFO]: 西瓜王 joined the game
[20:34:38] [Server thread/WARN]: Skye moved wrongly!
[20:34:43] [Server thread/INFO]: 西瓜王 lost connection: Disconnected
[20:34:43] [Server thread/INFO]: 西瓜王 left the game
[20:34:58] [Server thread/INFO]: Skye lost connection: Disconnected
[20:34:58] [Server thread/INFO]: Skye left the game
[20:35:06] [Server thread/INFO]: Skye[/113.91.88.103:24147] logged in with entity id 9987 at (1469.6623891648587, 68.64976929726627, -779.3132426103283)
[20:35:06] [Server thread/INFO]: Skye joined the game
[20:35:31] [Server thread/INFO]: 西瓜王[/113.91.88.103:24156] logged in with entity id 10330 at (244.3000000119209, 76.0, -67.29588455069769)
[20:35:31] [Server thread/INFO]: 西瓜王 joined the game
[20:39:12] [Server thread/INFO]: Skye drowned
[20:39:36] [Server thread/INFO]: Skye lost connection: Timed out
[20:39:36] [Server thread/INFO]: Skye left the game
[20:39:56] [Server thread/INFO]: Skye[/113.91.88.103:24274] logged in with entity id 11749 at (245.5, 252.0000002, -77.5)
[20:39:56] [Server thread/INFO]: Skye joined the game
[20:40:15] [Server thread/INFO]: Skye lost connection: Timed out
[20:40:15] [Server thread/INFO]: Skye left the game
[20:41:31] [Server thread/INFO]: 西瓜王 was shot by Skeleton
[20:42:12] [Server thread/INFO]: Skye[/113.91.88.103:24408] logged in with entity id 12235 at (245.5, 252.0000002, -77.5)
[20:42:12] [Server thread/INFO]: Skye joined the game
[20:42:28] [Server thread/INFO]: Skye lost connection: Timed out
[20:42:28] [Server thread/INFO]: Skye left the game
[20:42:32] [Server thread/INFO]: Skye[/113.91.88.103:24439] logged in with entity id 12273 at (244.29999997466803, 252.0000002, -77.70000002533197)
[20:42:32] [Server thread/INFO]: Skye joined the game
[20:42:50] [Server thread/INFO]: Skye lost connection: Timed out
[20:42:50] [Server thread/INFO]: Skye left the game
[20:44:07] [Server thread/WARN]: 西瓜王 moved wrongly!
[20:44:19] [Server thread/INFO]: 西瓜王 fell from a high place
[20:47:04] [Server thread/INFO]: 西瓜王 fell from a high place
[20:47:22] [Server thread/INFO]: 西瓜王 fell from a high place
[20:47:33] [Server thread/INFO]: 西瓜王 fell from a high place
[20:47:34] [Server thread/FATAL]: Error executing task on Server
java.lang.NullPointerException: null
	at ww.b(SourceFile:201) ~[minecraft_server.1.15.2.jar:?]
	at wp.a(SourceFile:904) ~[minecraft_server.1.15.2.jar:?]
	at xb.a(SourceFile:479) ~[minecraft_server.1.15.2.jar:?]
	at xv.a(SourceFile:848) ~[minecraft_server.1.15.2.jar:?]
	at qd.a(SourceFile:122) ~[minecraft_server.1.15.2.jar:?]
	at qd$b.a(SourceFile:18) ~[minecraft_server.1.15.2.jar:?]
	at lv.a(SourceFile:21) ~[minecraft_server.1.15.2.jar:?]
	at tb.run(SourceFile:18) ~[minecraft_server.1.15.2.jar:?]
	at ais.c(SourceFile:144) [minecraft_server.1.15.2.jar:?]
	at aiw.c(SourceFile:23) [minecraft_server.1.15.2.jar:?]
	at net.minecraft.server.MinecraftServer.b(SourceFile:743) [minecraft_server.1.15.2.jar:?]
	at net.minecraft.server.MinecraftServer.c(SourceFile:138) [minecraft_server.1.15.2.jar:?]
	at ais.w(SourceFile:118) [minecraft_server.1.15.2.jar:?]
	at net.minecraft.server.MinecraftServer.ba(SourceFile:725) [minecraft_server.1.15.2.jar:?]
	at net.minecraft.server.MinecraftServer.w(SourceFile:719) [minecraft_server.1.15.2.jar:?]
	at ais.c(SourceFile:127) [minecraft_server.1.15.2.jar:?]
	at net.minecraft.server.MinecraftServer.v(SourceFile:704) [minecraft_server.1.15.2.jar:?]
	at net.minecraft.server.MinecraftServer.run(SourceFile:659) [minecraft_server.1.15.2.jar:?]
	at java.lang.Thread.run(Thread.java:834) [?:?]
[20:47:35] [Server thread/FATAL]: Error executing task on Server
java.lang.NullPointerException: null
	at ww.b(SourceFile:201) ~[minecraft_server.1.15.2.jar:?]
	at wp.a(SourceFile:904) ~[minecraft_server.1.15.2.jar:?]
	at xb.a(SourceFile:479) ~[minecraft_server.1.15.2.jar:?]
	at xv.a(SourceFile:848) ~[minecraft_server.1.15.2.jar:?]
	at qd.a(SourceFile:122) ~[minecraft_server.1.15.2.jar:?]
	at qd$b.a(SourceFile:18) ~[minecraft_server.1.15.2.jar:?]
	at lv.a(SourceFile:21) ~[minecraft_server.1.15.2.jar:?]
	at tb.run(SourceFile:18) ~[minecraft_server.1.15.2.jar:?]
	at ais.c(SourceFile:144) [minecraft_server.1.15.2.jar:?]
	at aiw.c(SourceFile:23) [minecraft_server.1.15.2.jar:?]
	at net.minecraft.server.MinecraftServer.b(SourceFile:743) [minecraft_server.1.15.2.jar:?]
	at net.minecraft.server.MinecraftServer.c(SourceFile:138) [minecraft_server.1.15.2.jar:?]
	at ais.w(SourceFile:118) [minecraft_server.1.15.2.jar:?]
	at net.minecraft.server.MinecraftServer.ba(SourceFile:725) [minecraft_server.1.15.2.jar:?]
	at net.minecraft.server.MinecraftServer.w(SourceFile:719) [minecraft_server.1.15.2.jar:?]
	at ais.c(SourceFile:127) [minecraft_server.1.15.2.jar:?]
	at net.minecraft.server.MinecraftServer.v(SourceFile:704) [minecraft_server.1.15.2.jar:?]
	at net.minecraft.server.MinecraftServer.run(SourceFile:659) [minecraft_server.1.15.2.jar:?]
	at java.lang.Thread.run(Thread.java:834) [?:?]
[20:47:35] [Server thread/FATAL]: Error executing task on Server
java.lang.NullPointerException: null
	at ww.b(SourceFile:201) ~[minecraft_server.1.15.2.jar:?]
	at wp.a(SourceFile:904) ~[minecraft_server.1.15.2.jar:?]
	at xb.a(SourceFile:479) ~[minecraft_server.1.15.2.jar:?]
	at xv.a(SourceFile:848) ~[minecraft_server.1.15.2.jar:?]
	at qd.a(SourceFile:122) ~[minecraft_server.1.15.2.jar:?]
	at qd$b.a(SourceFile:18) ~[minecraft_server.1.15.2.jar:?]
	at lv.a(SourceFile:21) ~[minecraft_server.1.15.2.jar:?]
	at tb.run(SourceFile:18) ~[minecraft_server.1.15.2.jar:?]
	at ais.c(SourceFile:144) [minecraft_server.1.15.2.jar:?]
	at aiw.c(SourceFile:23) [minecraft_server.1.15.2.jar:?]
	at net.minecraft.server.MinecraftServer.b(SourceFile:743) [minecraft_server.1.15.2.jar:?]
	at net.minecraft.server.MinecraftServer.c(SourceFile:138) [minecraft_server.1.15.2.jar:?]
	at ais.w(SourceFile:118) [minecraft_server.1.15.2.jar:?]
	at net.minecraft.server.MinecraftServer.ba(SourceFile:725) [minecraft_server.1.15.2.jar:?]
	at net.minecraft.server.MinecraftServer.w(SourceFile:719) [minecraft_server.1.15.2.jar:?]
	at ais.c(SourceFile:127) [minecraft_server.1.15.2.jar:?]
	at net.minecraft.server.MinecraftServer.v(SourceFile:704) [minecraft_server.1.15.2.jar:?]
	at net.minecraft.server.MinecraftServer.run(SourceFile:659) [minecraft_server.1.15.2.jar:?]
	at java.lang.Thread.run(Thread.java:834) [?:?]
[20:47:36] [Server thread/FATAL]: Error executing task on Server
java.lang.NullPointerException: null
	at ww.b(SourceFile:201) ~[minecraft_server.1.15.2.jar:?]
	at wp.a(SourceFile:904) ~[minecraft_server.1.15.2.jar:?]
	at xb.a(SourceFile:479) ~[minecraft_server.1.15.2.jar:?]
	at xv.a(SourceFile:848) ~[minecraft_server.1.15.2.jar:?]
	at qd.a(SourceFile:122) ~[minecraft_server.1.15.2.jar:?]
	at qd$b.a(SourceFile:18) ~[minecraft_server.1.15.2.jar:?]
	at lv.a(SourceFile:21) ~[minecraft_server.1.15.2.jar:?]
	at tb.run(SourceFile:18) ~[minecraft_server.1.15.2.jar:?]
	at ais.c(SourceFile:144) [minecraft_server.1.15.2.jar:?]
	at aiw.c(SourceFile:23) [minecraft_server.1.15.2.jar:?]
	at net.minecraft.server.MinecraftServer.b(SourceFile:743) [minecraft_server.1.15.2.jar:?]
	at net.minecraft.server.MinecraftServer.c(SourceFile:138) [minecraft_server.1.15.2.jar:?]
	at ais.w(SourceFile:118) [minecraft_server.1.15.2.jar:?]
	at net.minecraft.server.MinecraftServer.ba(SourceFile:725) [minecraft_server.1.15.2.jar:?]
	at net.minecraft.server.MinecraftServer.w(SourceFile:719) [minecraft_server.1.15.2.jar:?]
	at ais.c(SourceFile:127) [minecraft_server.1.15.2.jar:?]
	at net.minecraft.server.MinecraftServer.v(SourceFile:704) [minecraft_server.1.15.2.jar:?]
	at net.minecraft.server.MinecraftServer.run(SourceFile:659) [minecraft_server.1.15.2.jar:?]
	at java.lang.Thread.run(Thread.java:834) [?:?]
[20:47:36] [Server thread/FATAL]: Error executing task on Server
java.lang.NullPointerException: null
	at ww.b(SourceFile:201) ~[minecraft_server.1.15.2.jar:?]
	at wp.a(SourceFile:904) ~[minecraft_server.1.15.2.jar:?]
	at xb.a(SourceFile:479) ~[minecraft_server.1.15.2.jar:?]
	at xv.a(SourceFile:848) ~[minecraft_server.1.15.2.jar:?]
	at qd.a(SourceFile:122) ~[minecraft_server.1.15.2.jar:?]
	at qd$a.a(SourceFile:56) ~[minecraft_server.1.15.2.jar:?]
	at lv.a(SourceFile:21) ~[minecraft_server.1.15.2.jar:?]
	at tb.run(SourceFile:18) ~[minecraft_server.1.15.2.jar:?]
	at ais.c(SourceFile:144) [minecraft_server.1.15.2.jar:?]
	at aiw.c(SourceFile:23) [minecraft_server.1.15.2.jar:?]
	at net.minecraft.server.MinecraftServer.b(SourceFile:743) [minecraft_server.1.15.2.jar:?]
	at net.minecraft.server.MinecraftServer.c(SourceFile:138) [minecraft_server.1.15.2.jar:?]
	at ais.w(SourceFile:118) [minecraft_server.1.15.2.jar:?]
	at net.minecraft.server.MinecraftServer.ba(SourceFile:725) [minecraft_server.1.15.2.jar:?]
	at net.minecraft.server.MinecraftServer.w(SourceFile:719) [minecraft_server.1.15.2.jar:?]
	at ais.c(SourceFile:127) [minecraft_server.1.15.2.jar:?]
	at net.minecraft.server.MinecraftServer.v(SourceFile:704) [minecraft_server.1.15.2.jar:?]
	at net.minecraft.server.MinecraftServer.run(SourceFile:659) [minecraft_server.1.15.2.jar:?]
	at java.lang.Thread.run(Thread.java:834) [?:?]
[20:47:36] [Server thread/FATAL]: Error executing task on Server
java.lang.NullPointerException: null
	at ww.b(SourceFile:201) ~[minecraft_server.1.15.2.jar:?]
	at wp.a(SourceFile:904) ~[minecraft_server.1.15.2.jar:?]
	at xb.a(SourceFile:479) ~[minecraft_server.1.15.2.jar:?]
	at xv.a(SourceFile:848) ~[minecraft_server.1.15.2.jar:?]
	at qd.a(SourceFile:122) ~[minecraft_server.1.15.2.jar:?]
	at qd$b.a(SourceFile:18) ~[minecraft_server.1.15.2.jar:?]
	at lv.a(SourceFile:21) ~[minecraft_server.1.15.2.jar:?]
	at tb.run(SourceFile:18) ~[minecraft_server.1.15.2.jar:?]
	at ais.c(SourceFile:144) [minecraft_server.1.15.2.jar:?]
	at aiw.c(SourceFile:23) [minecraft_server.1.15.2.jar:?]
	at net.minecraft.server.MinecraftServer.b(SourceFile:743) [minecraft_server.1.15.2.jar:?]
	at net.minecraft.server.MinecraftServer.c(SourceFile:138) [minecraft_server.1.15.2.jar:?]
	at ais.w(SourceFile:118) [minecraft_server.1.15.2.jar:?]
	at net.minecraft.server.MinecraftServer.ba(SourceFile:725) [minecraft_server.1.15.2.jar:?]
	at net.minecraft.server.MinecraftServer.w(SourceFile:719) [minecraft_server.1.15.2.jar:?]
	at ais.c(SourceFile:127) [minecraft_server.1.15.2.jar:?]
	at net.minecraft.server.MinecraftServer.v(SourceFile:704) [minecraft_server.1.15.2.jar:?]
	at net.minecraft.server.MinecraftServer.run(SourceFile:659) [minecraft_server.1.15.2.jar:?]
	at java.lang.Thread.run(Thread.java:834) [?:?]
[20:47:37] [Server thread/FATAL]: Error executing task on Server
java.lang.NullPointerException: null
	at ww.b(SourceFile:201) ~[minecraft_server.1.15.2.jar:?]
	at wp.a(SourceFile:904) ~[minecraft_server.1.15.2.jar:?]
	at xb.a(SourceFile:479) ~[minecraft_server.1.15.2.jar:?]
	at xv.a(SourceFile:848) ~[minecraft_server.1.15.2.jar:?]
	at qd.a(SourceFile:122) ~[minecraft_server.1.15.2.jar:?]
	at qd$b.a(SourceFile:18) ~[minecraft_server.1.15.2.jar:?]
	at lv.a(SourceFile:21) ~[minecraft_server.1.15.2.jar:?]
	at tb.run(SourceFile:18) ~[minecraft_server.1.15.2.jar:?]
	at ais.c(SourceFile:144) [minecraft_server.1.15.2.jar:?]
	at aiw.c(SourceFile:23) [minecraft_server.1.15.2.jar:?]
	at net.minecraft.server.MinecraftServer.b(SourceFile:743) [minecraft_server.1.15.2.jar:?]
	at net.minecraft.server.MinecraftServer.c(SourceFile:138) [minecraft_server.1.15.2.jar:?]
	at ais.w(SourceFile:118) [minecraft_server.1.15.2.jar:?]
	at net.minecraft.server.MinecraftServer.ba(SourceFile:725) [minecraft_server.1.15.2.jar:?]
	at net.minecraft.server.MinecraftServer.w(SourceFile:719) [minecraft_server.1.15.2.jar:?]
	at ais.c(SourceFile:127) [minecraft_server.1.15.2.jar:?]
	at net.minecraft.server.MinecraftServer.v(SourceFile:704) [minecraft_server.1.15.2.jar:?]
	at net.minecraft.server.MinecraftServer.run(SourceFile:659) [minecraft_server.1.15.2.jar:?]
	at java.lang.Thread.run(Thread.java:834) [?:?]
[20:47:38] [Server thread/FATAL]: Error executing task on Server
java.lang.NullPointerException: null
	at ww.b(SourceFile:201) ~[minecraft_server.1.15.2.jar:?]
	at wp.a(SourceFile:904) ~[minecraft_server.1.15.2.jar:?]
	at xb.a(SourceFile:479) ~[minecraft_server.1.15.2.jar:?]
	at xv.a(SourceFile:848) ~[minecraft_server.1.15.2.jar:?]
	at qd.a(SourceFile:122) ~[minecraft_server.1.15.2.jar:?]
	at qd$a.a(SourceFile:56) ~[minecraft_server.1.15.2.jar:?]
	at lv.a(SourceFile:21) ~[minecraft_server.1.15.2.jar:?]
	at tb.run(SourceFile:18) ~[minecraft_server.1.15.2.jar:?]
	at ais.c(SourceFile:144) [minecraft_server.1.15.2.jar:?]
	at aiw.c(SourceFile:23) [minecraft_server.1.15.2.jar:?]
	at net.minecraft.server.MinecraftServer.b(SourceFile:743) [minecraft_server.1.15.2.jar:?]
	at net.minecraft.server.MinecraftServer.c(SourceFile:138) [minecraft_server.1.15.2.jar:?]
	at ais.w(SourceFile:118) [minecraft_server.1.15.2.jar:?]
	at net.minecraft.server.MinecraftServer.ba(SourceFile:725) [minecraft_server.1.15.2.jar:?]
	at net.minecraft.server.MinecraftServer.w(SourceFile:719) [minecraft_server.1.15.2.jar:?]
	at ais.c(SourceFile:127) [minecraft_server.1.15.2.jar:?]
	at net.minecraft.server.MinecraftServer.v(SourceFile:704) [minecraft_server.1.15.2.jar:?]
	at net.minecraft.server.MinecraftServer.run(SourceFile:659) [minecraft_server.1.15.2.jar:?]
	at java.lang.Thread.run(Thread.java:834) [?:?]
[20:47:38] [Server thread/FATAL]: Error executing task on Server
java.lang.NullPointerException: null
	at ww.b(SourceFile:201) ~[minecraft_server.1.15.2.jar:?]
	at wp.a(SourceFile:904) ~[minecraft_server.1.15.2.jar:?]
	at xb.a(SourceFile:479) ~[minecraft_server.1.15.2.jar:?]
	at xv.a(SourceFile:848) ~[minecraft_server.1.15.2.jar:?]
	at qd.a(SourceFile:122) ~[minecraft_server.1.15.2.jar:?]
	at qd$a.a(SourceFile:56) ~[minecraft_server.1.15.2.jar:?]
	at lv.a(SourceFile:21) ~[minecraft_server.1.15.2.jar:?]
	at tb.run(SourceFile:18) ~[minecraft_server.1.15.2.jar:?]
	at ais.c(SourceFile:144) [minecraft_server.1.15.2.jar:?]
	at aiw.c(SourceFile:23) [minecraft_server.1.15.2.jar:?]
	at net.minecraft.server.MinecraftServer.b(SourceFile:743) [minecraft_server.1.15.2.jar:?]
	at net.minecraft.server.MinecraftServer.c(SourceFile:138) [minecraft_server.1.15.2.jar:?]
	at ais.w(SourceFile:118) [minecraft_server.1.15.2.jar:?]
	at net.minecraft.server.MinecraftServer.ba(SourceFile:725) [minecraft_server.1.15.2.jar:?]
	at net.minecraft.server.MinecraftServer.w(SourceFile:719) [minecraft_server.1.15.2.jar:?]
	at ais.c(SourceFile:127) [minecraft_server.1.15.2.jar:?]
	at net.minecraft.server.MinecraftServer.v(SourceFile:704) [minecraft_server.1.15.2.jar:?]
	at net.minecraft.server.MinecraftServer.run(SourceFile:659) [minecraft_server.1.15.2.jar:?]
	at java.lang.Thread.run(Thread.java:834) [?:?]
[20:48:52] [Server thread/INFO]: 西瓜王 burned to death
[20:49:06] [Server thread/INFO]: 西瓜王 fell from a high place
[20:49:07] [Server thread/FATAL]: Error executing task on Server
java.lang.NullPointerException: null
	at ww.b(SourceFile:201) ~[minecraft_server.1.15.2.jar:?]
	at wp.a(SourceFile:904) ~[minecraft_server.1.15.2.jar:?]
	at xb.a(SourceFile:479) ~[minecraft_server.1.15.2.jar:?]
	at xv.a(SourceFile:848) ~[minecraft_server.1.15.2.jar:?]
	at qd.a(SourceFile:122) ~[minecraft_server.1.15.2.jar:?]
	at qd$b.a(SourceFile:18) ~[minecraft_server.1.15.2.jar:?]
	at lv.a(SourceFile:21) ~[minecraft_server.1.15.2.jar:?]
	at tb.run(SourceFile:18) ~[minecraft_server.1.15.2.jar:?]
	at ais.c(SourceFile:144) [minecraft_server.1.15.2.jar:?]
	at aiw.c(SourceFile:23) [minecraft_server.1.15.2.jar:?]
	at net.minecraft.server.MinecraftServer.b(SourceFile:743) [minecraft_server.1.15.2.jar:?]
	at net.minecraft.server.MinecraftServer.c(SourceFile:138) [minecraft_server.1.15.2.jar:?]
	at ais.w(SourceFile:118) [minecraft_server.1.15.2.jar:?]
	at net.minecraft.server.MinecraftServer.ba(SourceFile:725) [minecraft_server.1.15.2.jar:?]
	at net.minecraft.server.MinecraftServer.w(SourceFile:719) [minecraft_server.1.15.2.jar:?]
	at ais.c(SourceFile:127) [minecraft_server.1.15.2.jar:?]
	at net.minecraft.server.MinecraftServer.v(SourceFile:704) [minecraft_server.1.15.2.jar:?]
	at net.minecraft.server.MinecraftServer.run(SourceFile:659) [minecraft_server.1.15.2.jar:?]
	at java.lang.Thread.run(Thread.java:834) [?:?]
[20:49:07] [Server thread/FATAL]: Error executing task on Server
java.lang.NullPointerException: null
	at ww.b(SourceFile:201) ~[minecraft_server.1.15.2.jar:?]
	at wp.a(SourceFile:904) ~[minecraft_server.1.15.2.jar:?]
	at xb.a(SourceFile:479) ~[minecraft_server.1.15.2.jar:?]
	at xv.a(SourceFile:848) ~[minecraft_server.1.15.2.jar:?]
	at qd.a(SourceFile:122) ~[minecraft_server.1.15.2.jar:?]
	at qd$b.a(SourceFile:18) ~[minecraft_server.1.15.2.jar:?]
	at lv.a(SourceFile:21) ~[minecraft_server.1.15.2.jar:?]
	at tb.run(SourceFile:18) ~[minecraft_server.1.15.2.jar:?]
	at ais.c(SourceFile:144) [minecraft_server.1.15.2.jar:?]
	at aiw.c(SourceFile:23) [minecraft_server.1.15.2.jar:?]
	at net.minecraft.server.MinecraftServer.b(SourceFile:743) [minecraft_server.1.15.2.jar:?]
	at net.minecraft.server.MinecraftServer.c(SourceFile:138) [minecraft_server.1.15.2.jar:?]
	at ais.w(SourceFile:118) [minecraft_server.1.15.2.jar:?]
	at net.minecraft.server.MinecraftServer.ba(SourceFile:725) [minecraft_server.1.15.2.jar:?]
	at net.minecraft.server.MinecraftServer.w(SourceFile:719) [minecraft_server.1.15.2.jar:?]
	at ais.c(SourceFile:127) [minecraft_server.1.15.2.jar:?]
	at net.minecraft.server.MinecraftServer.v(SourceFile:704) [minecraft_server.1.15.2.jar:?]
	at net.minecraft.server.MinecraftServer.run(SourceFile:659) [minecraft_server.1.15.2.jar:?]
	at java.lang.Thread.run(Thread.java:834) [?:?]
[20:49:08] [Server thread/FATAL]: Error executing task on Server
java.lang.NullPointerException: null
	at ww.b(SourceFile:201) ~[minecraft_server.1.15.2.jar:?]
	at wp.a(SourceFile:904) ~[minecraft_server.1.15.2.jar:?]
	at xb.a(SourceFile:479) ~[minecraft_server.1.15.2.jar:?]
	at xv.a(SourceFile:848) ~[minecraft_server.1.15.2.jar:?]
	at qd.a(SourceFile:122) ~[minecraft_server.1.15.2.jar:?]
	at qd$b.a(SourceFile:18) ~[minecraft_server.1.15.2.jar:?]
	at lv.a(SourceFile:21) ~[minecraft_server.1.15.2.jar:?]
	at tb.run(SourceFile:18) ~[minecraft_server.1.15.2.jar:?]
	at ais.c(SourceFile:144) [minecraft_server.1.15.2.jar:?]
	at aiw.c(SourceFile:23) [minecraft_server.1.15.2.jar:?]
	at net.minecraft.server.MinecraftServer.b(SourceFile:743) [minecraft_server.1.15.2.jar:?]
	at net.minecraft.server.MinecraftServer.c(SourceFile:138) [minecraft_server.1.15.2.jar:?]
	at ais.w(SourceFile:118) [minecraft_server.1.15.2.jar:?]
	at net.minecraft.server.MinecraftServer.ba(SourceFile:725) [minecraft_server.1.15.2.jar:?]
	at net.minecraft.server.MinecraftServer.w(SourceFile:719) [minecraft_server.1.15.2.jar:?]
	at ais.c(SourceFile:127) [minecraft_server.1.15.2.jar:?]
	at net.minecraft.server.MinecraftServer.v(SourceFile:704) [minecraft_server.1.15.2.jar:?]
	at net.minecraft.server.MinecraftServer.run(SourceFile:659) [minecraft_server.1.15.2.jar:?]
	at java.lang.Thread.run(Thread.java:834) [?:?]
[20:49:09] [Server thread/FATAL]: Error executing task on Server
java.lang.NullPointerException: null
	at ww.b(SourceFile:201) ~[minecraft_server.1.15.2.jar:?]
	at wp.a(SourceFile:904) ~[minecraft_server.1.15.2.jar:?]
	at xb.a(SourceFile:479) ~[minecraft_server.1.15.2.jar:?]
	at xv.a(SourceFile:848) ~[minecraft_server.1.15.2.jar:?]
	at qd.a(SourceFile:122) ~[minecraft_server.1.15.2.jar:?]
	at qd$a.a(SourceFile:56) ~[minecraft_server.1.15.2.jar:?]
	at lv.a(SourceFile:21) ~[minecraft_server.1.15.2.jar:?]
	at tb.run(SourceFile:18) ~[minecraft_server.1.15.2.jar:?]
	at ais.c(SourceFile:144) [minecraft_server.1.15.2.jar:?]
	at aiw.c(SourceFile:23) [minecraft_server.1.15.2.jar:?]
	at net.minecraft.server.MinecraftServer.b(SourceFile:743) [minecraft_server.1.15.2.jar:?]
	at net.minecraft.server.MinecraftServer.c(SourceFile:138) [minecraft_server.1.15.2.jar:?]
	at ais.w(SourceFile:118) [minecraft_server.1.15.2.jar:?]
	at net.minecraft.server.MinecraftServer.ba(SourceFile:725) [minecraft_server.1.15.2.jar:?]
	at net.minecraft.server.MinecraftServer.w(SourceFile:719) [minecraft_server.1.15.2.jar:?]
	at ais.c(SourceFile:127) [minecraft_server.1.15.2.jar:?]
	at net.minecraft.server.MinecraftServer.v(SourceFile:704) [minecraft_server.1.15.2.jar:?]
	at net.minecraft.server.MinecraftServer.run(SourceFile:659) [minecraft_server.1.15.2.jar:?]
	at java.lang.Thread.run(Thread.java:834) [?:?]
[20:55:25] [Server thread/INFO]: 西瓜王 was shot by Skeleton
[20:55:28] [Server thread/INFO]: 西瓜王 has made the advancement [Monster Hunter]
[21:10:49] [Server thread/INFO]: 西瓜王 fell from a high place
[21:12:59] [Server thread/INFO]: 西瓜王 has made the advancement [Stone Age]
[21:22:04] [Server thread/INFO]: 西瓜王 fell from a high place
[21:23:13] [Server thread/WARN]: 西瓜王 moved too quickly! -6.314214281433124,-1.8008521869722927,16.970054505540247
[21:25:53] [Server thread/INFO]: 西瓜王 fell from a high place
[21:26:04] [Server thread/INFO]: 西瓜王 fell from a high place
[21:26:05] [Server thread/FATAL]: Error executing task on Server
java.lang.NullPointerException: null
	at ww.b(SourceFile:201) ~[minecraft_server.1.15.2.jar:?]
	at wp.a(SourceFile:904) ~[minecraft_server.1.15.2.jar:?]
	at xb.a(SourceFile:479) ~[minecraft_server.1.15.2.jar:?]
	at xv.a(SourceFile:848) ~[minecraft_server.1.15.2.jar:?]
	at qd.a(SourceFile:122) ~[minecraft_server.1.15.2.jar:?]
	at qd$a.a(SourceFile:56) ~[minecraft_server.1.15.2.jar:?]
	at lv.a(SourceFile:21) ~[minecraft_server.1.15.2.jar:?]
	at tb.run(SourceFile:18) ~[minecraft_server.1.15.2.jar:?]
	at ais.c(SourceFile:144) [minecraft_server.1.15.2.jar:?]
	at aiw.c(SourceFile:23) [minecraft_server.1.15.2.jar:?]
	at net.minecraft.server.MinecraftServer.b(SourceFile:743) [minecraft_server.1.15.2.jar:?]
	at net.minecraft.server.MinecraftServer.c(SourceFile:138) [minecraft_server.1.15.2.jar:?]
	at ais.w(SourceFile:118) [minecraft_server.1.15.2.jar:?]
	at net.minecraft.server.MinecraftServer.ba(SourceFile:725) [minecraft_server.1.15.2.jar:?]
	at net.minecraft.server.MinecraftServer.w(SourceFile:719) [minecraft_server.1.15.2.jar:?]
	at ais.c(SourceFile:127) [minecraft_server.1.15.2.jar:?]
	at net.minecraft.server.MinecraftServer.v(SourceFile:704) [minecraft_server.1.15.2.jar:?]
	at net.minecraft.server.MinecraftServer.run(SourceFile:659) [minecraft_server.1.15.2.jar:?]
	at java.lang.Thread.run(Thread.java:834) [?:?]
[21:26:07] [Server thread/FATAL]: Error executing task on Server
java.lang.NullPointerException: null
	at ww.b(SourceFile:201) ~[minecraft_server.1.15.2.jar:?]
	at wp.a(SourceFile:904) ~[minecraft_server.1.15.2.jar:?]
	at xb.a(SourceFile:479) ~[minecraft_server.1.15.2.jar:?]
	at xv.a(SourceFile:848) ~[minecraft_server.1.15.2.jar:?]
	at qd.a(SourceFile:122) ~[minecraft_server.1.15.2.jar:?]
	at qd$b.a(SourceFile:18) ~[minecraft_server.1.15.2.jar:?]
	at lv.a(SourceFile:21) ~[minecraft_server.1.15.2.jar:?]
	at tb.run(SourceFile:18) ~[minecraft_server.1.15.2.jar:?]
	at ais.c(SourceFile:144) [minecraft_server.1.15.2.jar:?]
	at aiw.c(SourceFile:23) [minecraft_server.1.15.2.jar:?]
	at net.minecraft.server.MinecraftServer.b(SourceFile:743) [minecraft_server.1.15.2.jar:?]
	at net.minecraft.server.MinecraftServer.c(SourceFile:138) [minecraft_server.1.15.2.jar:?]
	at ais.w(SourceFile:118) [minecraft_server.1.15.2.jar:?]
	at net.minecraft.server.MinecraftServer.ba(SourceFile:725) [minecraft_server.1.15.2.jar:?]
	at net.minecraft.server.MinecraftServer.w(SourceFile:719) [minecraft_server.1.15.2.jar:?]
	at ais.c(SourceFile:127) [minecraft_server.1.15.2.jar:?]
	at net.minecraft.server.MinecraftServer.v(SourceFile:704) [minecraft_server.1.15.2.jar:?]
	at net.minecraft.server.MinecraftServer.run(SourceFile:659) [minecraft_server.1.15.2.jar:?]
	at java.lang.Thread.run(Thread.java:834) [?:?]
[21:26:10] [Server thread/FATAL]: Error executing task on Server
java.lang.NullPointerException: null
	at ww.b(SourceFile:201) ~[minecraft_server.1.15.2.jar:?]
	at wp.a(SourceFile:904) ~[minecraft_server.1.15.2.jar:?]
	at xb.a(SourceFile:479) ~[minecraft_server.1.15.2.jar:?]
	at xv.a(SourceFile:848) ~[minecraft_server.1.15.2.jar:?]
	at qd.a(SourceFile:122) ~[minecraft_server.1.15.2.jar:?]
	at qd$b.a(SourceFile:18) ~[minecraft_server.1.15.2.jar:?]
	at lv.a(SourceFile:21) ~[minecraft_server.1.15.2.jar:?]
	at tb.run(SourceFile:18) ~[minecraft_server.1.15.2.jar:?]
	at ais.c(SourceFile:144) [minecraft_server.1.15.2.jar:?]
	at aiw.c(SourceFile:23) [minecraft_server.1.15.2.jar:?]
	at net.minecraft.server.MinecraftServer.b(SourceFile:743) [minecraft_server.1.15.2.jar:?]
	at net.minecraft.server.MinecraftServer.c(SourceFile:138) [minecraft_server.1.15.2.jar:?]
	at ais.w(SourceFile:118) [minecraft_server.1.15.2.jar:?]
	at net.minecraft.server.MinecraftServer.ba(SourceFile:725) [minecraft_server.1.15.2.jar:?]
	at net.minecraft.server.MinecraftServer.w(SourceFile:719) [minecraft_server.1.15.2.jar:?]
	at ais.c(SourceFile:127) [minecraft_server.1.15.2.jar:?]
	at net.minecraft.server.MinecraftServer.v(SourceFile:704) [minecraft_server.1.15.2.jar:?]
	at net.minecraft.server.MinecraftServer.run(SourceFile:659) [minecraft_server.1.15.2.jar:?]
	at java.lang.Thread.run(Thread.java:834) [?:?]
[21:26:21] [Server thread/INFO]: 西瓜王 fell from a high place
[21:26:22] [Server thread/FATAL]: Error executing task on Server
java.lang.NullPointerException: null
	at ww.b(SourceFile:201) ~[minecraft_server.1.15.2.jar:?]
	at wp.a(SourceFile:904) ~[minecraft_server.1.15.2.jar:?]
	at xb.a(SourceFile:479) ~[minecraft_server.1.15.2.jar:?]
	at xv.a(SourceFile:848) ~[minecraft_server.1.15.2.jar:?]
	at qd.a(SourceFile:122) ~[minecraft_server.1.15.2.jar:?]
	at qd$b.a(SourceFile:18) ~[minecraft_server.1.15.2.jar:?]
	at lv.a(SourceFile:21) ~[minecraft_server.1.15.2.jar:?]
	at tb.run(SourceFile:18) ~[minecraft_server.1.15.2.jar:?]
	at ais.c(SourceFile:144) [minecraft_server.1.15.2.jar:?]
	at aiw.c(SourceFile:23) [minecraft_server.1.15.2.jar:?]
	at net.minecraft.server.MinecraftServer.b(SourceFile:743) [minecraft_server.1.15.2.jar:?]
	at net.minecraft.server.MinecraftServer.c(SourceFile:138) [minecraft_server.1.15.2.jar:?]
	at ais.w(SourceFile:118) [minecraft_server.1.15.2.jar:?]
	at net.minecraft.server.MinecraftServer.ba(SourceFile:725) [minecraft_server.1.15.2.jar:?]
	at net.minecraft.server.MinecraftServer.w(SourceFile:719) [minecraft_server.1.15.2.jar:?]
	at ais.c(SourceFile:127) [minecraft_server.1.15.2.jar:?]
	at net.minecraft.server.MinecraftServer.v(SourceFile:704) [minecraft_server.1.15.2.jar:?]
	at net.minecraft.server.MinecraftServer.run(SourceFile:659) [minecraft_server.1.15.2.jar:?]
	at java.lang.Thread.run(Thread.java:834) [?:?]
[21:26:28] [Server thread/FATAL]: Error executing task on Server
java.lang.NullPointerException: null
	at ww.b(SourceFile:201) ~[minecraft_server.1.15.2.jar:?]
	at wp.a(SourceFile:904) ~[minecraft_server.1.15.2.jar:?]
	at xb.a(SourceFile:479) ~[minecraft_server.1.15.2.jar:?]
	at xv.a(SourceFile:848) ~[minecraft_server.1.15.2.jar:?]
	at qd.a(SourceFile:122) ~[minecraft_server.1.15.2.jar:?]
	at qd$b.a(SourceFile:18) ~[minecraft_server.1.15.2.jar:?]
	at lv.a(SourceFile:21) ~[minecraft_server.1.15.2.jar:?]
	at tb.run(SourceFile:18) ~[minecraft_server.1.15.2.jar:?]
	at ais.c(SourceFile:144) [minecraft_server.1.15.2.jar:?]
	at aiw.c(SourceFile:23) [minecraft_server.1.15.2.jar:?]
	at net.minecraft.server.MinecraftServer.b(SourceFile:743) [minecraft_server.1.15.2.jar:?]
	at net.minecraft.server.MinecraftServer.c(SourceFile:138) [minecraft_server.1.15.2.jar:?]
	at ais.w(SourceFile:118) [minecraft_server.1.15.2.jar:?]
	at net.minecraft.server.MinecraftServer.ba(SourceFile:725) [minecraft_server.1.15.2.jar:?]
	at net.minecraft.server.MinecraftServer.w(SourceFile:719) [minecraft_server.1.15.2.jar:?]
	at ais.c(SourceFile:127) [minecraft_server.1.15.2.jar:?]
	at net.minecraft.server.MinecraftServer.v(SourceFile:704) [minecraft_server.1.15.2.jar:?]
	at net.minecraft.server.MinecraftServer.run(SourceFile:659) [minecraft_server.1.15.2.jar:?]
	at java.lang.Thread.run(Thread.java:834) [?:?]
[21:26:39] [Server thread/INFO]: 西瓜王 fell from a high place
[21:26:43] [Server thread/FATAL]: Error executing task on Server
java.lang.NullPointerException: null
	at ww.b(SourceFile:201) ~[minecraft_server.1.15.2.jar:?]
	at wp.a(SourceFile:904) ~[minecraft_server.1.15.2.jar:?]
	at xb.a(SourceFile:479) ~[minecraft_server.1.15.2.jar:?]
	at xv.a(SourceFile:848) ~[minecraft_server.1.15.2.jar:?]
	at qd.a(SourceFile:122) ~[minecraft_server.1.15.2.jar:?]
	at qd$b.a(SourceFile:18) ~[minecraft_server.1.15.2.jar:?]
	at lv.a(SourceFile:21) ~[minecraft_server.1.15.2.jar:?]
	at tb.run(SourceFile:18) ~[minecraft_server.1.15.2.jar:?]
	at ais.c(SourceFile:144) [minecraft_server.1.15.2.jar:?]
	at aiw.c(SourceFile:23) [minecraft_server.1.15.2.jar:?]
	at net.minecraft.server.MinecraftServer.b(SourceFile:743) [minecraft_server.1.15.2.jar:?]
	at net.minecraft.server.MinecraftServer.c(SourceFile:138) [minecraft_server.1.15.2.jar:?]
	at ais.w(SourceFile:118) [minecraft_server.1.15.2.jar:?]
	at net.minecraft.server.MinecraftServer.ba(SourceFile:725) [minecraft_server.1.15.2.jar:?]
	at net.minecraft.server.MinecraftServer.w(SourceFile:719) [minecraft_server.1.15.2.jar:?]
	at ais.c(SourceFile:127) [minecraft_server.1.15.2.jar:?]
	at net.minecraft.server.MinecraftServer.v(SourceFile:704) [minecraft_server.1.15.2.jar:?]
	at net.minecraft.server.MinecraftServer.run(SourceFile:659) [minecraft_server.1.15.2.jar:?]
	at java.lang.Thread.run(Thread.java:834) [?:?]
[21:28:08] [Server thread/INFO]: 西瓜王 fell from a high place
[21:29:18] [Server thread/INFO]: 西瓜王 went up in flames
[21:30:08] [Server thread/INFO]: 西瓜王 fell from a high place
[21:30:09] [Server thread/FATAL]: Error executing task on Server
java.lang.NullPointerException: null
	at ww.b(SourceFile:201) ~[minecraft_server.1.15.2.jar:?]
	at wp.a(SourceFile:904) ~[minecraft_server.1.15.2.jar:?]
	at xb.a(SourceFile:479) ~[minecraft_server.1.15.2.jar:?]
	at xv.a(SourceFile:848) ~[minecraft_server.1.15.2.jar:?]
	at qd.a(SourceFile:122) ~[minecraft_server.1.15.2.jar:?]
	at qd$a.a(SourceFile:56) ~[minecraft_server.1.15.2.jar:?]
	at lv.a(SourceFile:21) ~[minecraft_server.1.15.2.jar:?]
	at tb.run(SourceFile:18) ~[minecraft_server.1.15.2.jar:?]
	at ais.c(SourceFile:144) [minecraft_server.1.15.2.jar:?]
	at aiw.c(SourceFile:23) [minecraft_server.1.15.2.jar:?]
	at net.minecraft.server.MinecraftServer.b(SourceFile:743) [minecraft_server.1.15.2.jar:?]
	at net.minecraft.server.MinecraftServer.c(SourceFile:138) [minecraft_server.1.15.2.jar:?]
	at ais.w(SourceFile:118) [minecraft_server.1.15.2.jar:?]
	at net.minecraft.server.MinecraftServer.ba(SourceFile:725) [minecraft_server.1.15.2.jar:?]
	at net.minecraft.server.MinecraftServer.w(SourceFile:719) [minecraft_server.1.15.2.jar:?]
	at ais.c(SourceFile:127) [minecraft_server.1.15.2.jar:?]
	at net.minecraft.server.MinecraftServer.v(SourceFile:704) [minecraft_server.1.15.2.jar:?]
	at net.minecraft.server.MinecraftServer.run(SourceFile:659) [minecraft_server.1.15.2.jar:?]
	at java.lang.Thread.run(Thread.java:834) [?:?]
[21:30:18] [Server thread/INFO]: 西瓜王 fell from a high place
[21:30:24] [Server thread/FATAL]: Error executing task on Server
java.lang.NullPointerException: null
	at ww.b(SourceFile:201) ~[minecraft_server.1.15.2.jar:?]
	at wp.a(SourceFile:904) ~[minecraft_server.1.15.2.jar:?]
	at xb.a(SourceFile:479) ~[minecraft_server.1.15.2.jar:?]
	at xv.a(SourceFile:848) ~[minecraft_server.1.15.2.jar:?]
	at qd.a(SourceFile:122) ~[minecraft_server.1.15.2.jar:?]
	at qd$a.a(SourceFile:56) ~[minecraft_server.1.15.2.jar:?]
	at lv.a(SourceFile:21) ~[minecraft_server.1.15.2.jar:?]
	at tb.run(SourceFile:18) ~[minecraft_server.1.15.2.jar:?]
	at ais.c(SourceFile:144) [minecraft_server.1.15.2.jar:?]
	at aiw.c(SourceFile:23) [minecraft_server.1.15.2.jar:?]
	at net.minecraft.server.MinecraftServer.b(SourceFile:743) [minecraft_server.1.15.2.jar:?]
	at net.minecraft.server.MinecraftServer.c(SourceFile:138) [minecraft_server.1.15.2.jar:?]
	at ais.w(SourceFile:118) [minecraft_server.1.15.2.jar:?]
	at net.minecraft.server.MinecraftServer.ba(SourceFile:725) [minecraft_server.1.15.2.jar:?]
	at net.minecraft.server.MinecraftServer.w(SourceFile:719) [minecraft_server.1.15.2.jar:?]
	at ais.c(SourceFile:127) [minecraft_server.1.15.2.jar:?]
	at net.minecraft.server.MinecraftServer.v(SourceFile:704) [minecraft_server.1.15.2.jar:?]
	at net.minecraft.server.MinecraftServer.run(SourceFile:659) [minecraft_server.1.15.2.jar:?]
	at java.lang.Thread.run(Thread.java:834) [?:?]
[21:30:25] [Server thread/FATAL]: Error executing task on Server
java.lang.NullPointerException: null
	at ww.b(SourceFile:201) ~[minecraft_server.1.15.2.jar:?]
	at wp.a(SourceFile:904) ~[minecraft_server.1.15.2.jar:?]
	at xb.a(SourceFile:479) ~[minecraft_server.1.15.2.jar:?]
	at xv.a(SourceFile:848) ~[minecraft_server.1.15.2.jar:?]
	at qd.a(SourceFile:122) ~[minecraft_server.1.15.2.jar:?]
	at qd$b.a(SourceFile:18) ~[minecraft_server.1.15.2.jar:?]
	at lv.a(SourceFile:21) ~[minecraft_server.1.15.2.jar:?]
	at tb.run(SourceFile:18) ~[minecraft_server.1.15.2.jar:?]
	at ais.c(SourceFile:144) [minecraft_server.1.15.2.jar:?]
	at aiw.c(SourceFile:23) [minecraft_server.1.15.2.jar:?]
	at net.minecraft.server.MinecraftServer.b(SourceFile:743) [minecraft_server.1.15.2.jar:?]
	at net.minecraft.server.MinecraftServer.c(SourceFile:138) [minecraft_server.1.15.2.jar:?]
	at ais.w(SourceFile:118) [minecraft_server.1.15.2.jar:?]
	at net.minecraft.server.MinecraftServer.ba(SourceFile:725) [minecraft_server.1.15.2.jar:?]
	at net.minecraft.server.MinecraftServer.w(SourceFile:719) [minecraft_server.1.15.2.jar:?]
	at ais.c(SourceFile:127) [minecraft_server.1.15.2.jar:?]
	at net.minecraft.server.MinecraftServer.v(SourceFile:704) [minecraft_server.1.15.2.jar:?]
	at net.minecraft.server.MinecraftServer.run(SourceFile:659) [minecraft_server.1.15.2.jar:?]
	at java.lang.Thread.run(Thread.java:834) [?:?]
[21:31:27] [Server thread/WARN]: 西瓜王 moved wrongly!
[21:32:28] [Server thread/WARN]: 西瓜王 moved too quickly! -3.0913802957850294,1.0,-9.47846998691
[21:32:28] [Server thread/WARN]: Can't keep up! Is the server overloaded? Running 2683ms or 53 ticks behind
[21:34:27] [Server thread/INFO]: 西瓜王 has made the advancement [Getting an Upgrade]
[21:37:00] [Server thread/INFO]: 西瓜王 lost connection: Disconnected
[21:37:00] [Server thread/INFO]: 西瓜王 left the game
[21:52:20] [Server thread/INFO]: 西瓜王[/113.91.88.103:23885] logged in with entity id 23177 at (1115.699999988079, 80.0, 748.6999999880791)
[21:52:20] [Server thread/INFO]: 西瓜王 joined the game
[21:55:59] [Server thread/INFO]: 西瓜王 has made the advancement [Acquire Hardware]
[21:56:15] [Server thread/INFO]: 西瓜王 has made the advancement [Isn't It Iron Pick]
[21:56:54] [Server thread/INFO]: 西瓜王 was slain by Silverfish
[21:59:17] [Server thread/INFO]: 西瓜王 was blown up by Creeper
[21:59:41] [Server thread/INFO]: 西瓜王 has made the advancement [Suit Up]
[22:00:40] [Server thread/INFO]: 西瓜王 fell from a high place
[22:00:41] [Server thread/FATAL]: Error executing task on Server
java.lang.NullPointerException: null
	at ww.b(SourceFile:201) ~[minecraft_server.1.15.2.jar:?]
	at wp.a(SourceFile:904) ~[minecraft_server.1.15.2.jar:?]
	at xb.a(SourceFile:479) ~[minecraft_server.1.15.2.jar:?]
	at xv.a(SourceFile:848) ~[minecraft_server.1.15.2.jar:?]
	at qd.a(SourceFile:122) ~[minecraft_server.1.15.2.jar:?]
	at qd$b.a(SourceFile:18) ~[minecraft_server.1.15.2.jar:?]
	at lv.a(SourceFile:21) ~[minecraft_server.1.15.2.jar:?]
	at tb.run(SourceFile:18) ~[minecraft_server.1.15.2.jar:?]
	at ais.c(SourceFile:144) [minecraft_server.1.15.2.jar:?]
	at aiw.c(SourceFile:23) [minecraft_server.1.15.2.jar:?]
	at net.minecraft.server.MinecraftServer.b(SourceFile:743) [minecraft_server.1.15.2.jar:?]
	at net.minecraft.server.MinecraftServer.c(SourceFile:138) [minecraft_server.1.15.2.jar:?]
	at ais.w(SourceFile:118) [minecraft_server.1.15.2.jar:?]
	at net.minecraft.server.MinecraftServer.ba(SourceFile:725) [minecraft_server.1.15.2.jar:?]
	at net.minecraft.server.MinecraftServer.w(SourceFile:719) [minecraft_server.1.15.2.jar:?]
	at ais.bk(SourceFile:103) [minecraft_server.1.15.2.jar:?]
	at net.minecraft.server.MinecraftServer.v(SourceFile:703) [minecraft_server.1.15.2.jar:?]
	at net.minecraft.server.MinecraftServer.run(SourceFile:659) [minecraft_server.1.15.2.jar:?]
	at java.lang.Thread.run(Thread.java:834) [?:?]
[22:00:42] [Server thread/FATAL]: Error executing task on Server
java.lang.NullPointerException: null
	at ww.b(SourceFile:201) ~[minecraft_server.1.15.2.jar:?]
	at wp.a(SourceFile:904) ~[minecraft_server.1.15.2.jar:?]
	at xb.a(SourceFile:479) ~[minecraft_server.1.15.2.jar:?]
	at xv.a(SourceFile:848) ~[minecraft_server.1.15.2.jar:?]
	at qd.a(SourceFile:122) ~[minecraft_server.1.15.2.jar:?]
	at qd$b.a(SourceFile:18) ~[minecraft_server.1.15.2.jar:?]
	at lv.a(SourceFile:21) ~[minecraft_server.1.15.2.jar:?]
	at tb.run(SourceFile:18) ~[minecraft_server.1.15.2.jar:?]
	at ais.c(SourceFile:144) [minecraft_server.1.15.2.jar:?]
	at aiw.c(SourceFile:23) [minecraft_server.1.15.2.jar:?]
	at net.minecraft.server.MinecraftServer.b(SourceFile:743) [minecraft_server.1.15.2.jar:?]
	at net.minecraft.server.MinecraftServer.c(SourceFile:138) [minecraft_server.1.15.2.jar:?]
	at ais.w(SourceFile:118) [minecraft_server.1.15.2.jar:?]
	at net.minecraft.server.MinecraftServer.ba(SourceFile:725) [minecraft_server.1.15.2.jar:?]
	at net.minecraft.server.MinecraftServer.w(SourceFile:719) [minecraft_server.1.15.2.jar:?]
	at ais.bk(SourceFile:103) [minecraft_server.1.15.2.jar:?]
	at net.minecraft.server.MinecraftServer.v(SourceFile:703) [minecraft_server.1.15.2.jar:?]
	at net.minecraft.server.MinecraftServer.run(SourceFile:659) [minecraft_server.1.15.2.jar:?]
	at java.lang.Thread.run(Thread.java:834) [?:?]
[22:02:24] [Server thread/INFO]: 西瓜王 fell from a high place
[22:04:43] [Server thread/INFO]: 西瓜王 fell from a high place
[22:12:29] [Server thread/WARN]: Mismatch in destroy block pos: fk{x=188, y=62, z=-79} fk{x=186, y=62, z=-81}
[22:12:29] [Server thread/WARN]: Mismatch in destroy block pos: fk{x=188, y=62, z=-79} fk{x=186, y=62, z=-81}
[22:12:30] [Server thread/WARN]: Mismatch in destroy block pos: fk{x=188, y=62, z=-79} fk{x=186, y=62, z=-81}
[22:12:33] [Server thread/INFO]: 西瓜王 was slain by Zombie
[22:25:32] [Server thread/WARN]: Mismatch in destroy block pos: fk{x=193, y=52, z=-90} fk{x=192, y=52, z=-90}
[22:25:46] [Server thread/WARN]: Mismatch in destroy block pos: fk{x=193, y=49, z=-90} fk{x=192, y=50, z=-90}
[22:25:48] [Server thread/WARN]: Mismatch in destroy block pos: fk{x=193, y=51, z=-89} fk{x=192, y=51, z=-89}
[22:25:50] [Server thread/WARN]: Mismatch in destroy block pos: fk{x=193, y=53, z=-89} fk{x=192, y=53, z=-89}
[22:25:54] [Server thread/WARN]: Mismatch in destroy block pos: fk{x=193, y=53, z=-91} fk{x=192, y=53, z=-91}
[22:25:55] [Server thread/WARN]: Mismatch in destroy block pos: fk{x=193, y=52, z=-91} fk{x=192, y=52, z=-91}
[22:37:51] [Server thread/INFO]: 西瓜王 has made the advancement [We Need to Go Deeper]
[22:37:52] [Server thread/WARN]: Can't keep up! Is the server overloaded? Running 2476ms or 49 ticks behind
[22:56:07] [Server thread/INFO]: 西瓜王 went up in flames
[22:56:31] [Server thread/INFO]: 西瓜王 fell from a high place
[22:56:40] [Server thread/INFO]: 西瓜王 fell from a high place
[22:56:44] [Server thread/FATAL]: Error executing task on Server
java.lang.NullPointerException: null
	at ww.b(SourceFile:201) ~[minecraft_server.1.15.2.jar:?]
	at wp.a(SourceFile:904) ~[minecraft_server.1.15.2.jar:?]
	at xb.a(SourceFile:479) ~[minecraft_server.1.15.2.jar:?]
	at xv.a(SourceFile:848) ~[minecraft_server.1.15.2.jar:?]
	at qd.a(SourceFile:122) ~[minecraft_server.1.15.2.jar:?]
	at qd$a.a(SourceFile:56) ~[minecraft_server.1.15.2.jar:?]
	at lv.a(SourceFile:21) ~[minecraft_server.1.15.2.jar:?]
	at tb.run(SourceFile:18) ~[minecraft_server.1.15.2.jar:?]
	at ais.c(SourceFile:144) [minecraft_server.1.15.2.jar:?]
	at aiw.c(SourceFile:23) [minecraft_server.1.15.2.jar:?]
	at net.minecraft.server.MinecraftServer.b(SourceFile:743) [minecraft_server.1.15.2.jar:?]
	at net.minecraft.server.MinecraftServer.c(SourceFile:138) [minecraft_server.1.15.2.jar:?]
	at ais.w(SourceFile:118) [minecraft_server.1.15.2.jar:?]
	at net.minecraft.server.MinecraftServer.ba(SourceFile:725) [minecraft_server.1.15.2.jar:?]
	at net.minecraft.server.MinecraftServer.w(SourceFile:719) [minecraft_server.1.15.2.jar:?]
	at ais.bk(SourceFile:103) [minecraft_server.1.15.2.jar:?]
	at net.minecraft.server.MinecraftServer.v(SourceFile:703) [minecraft_server.1.15.2.jar:?]
	at net.minecraft.server.MinecraftServer.run(SourceFile:659) [minecraft_server.1.15.2.jar:?]
	at java.lang.Thread.run(Thread.java:834) [?:?]
[22:56:44] [Server thread/FATAL]: Error executing task on Server
java.lang.NullPointerException: null
	at ww.b(SourceFile:201) ~[minecraft_server.1.15.2.jar:?]
	at wp.a(SourceFile:904) ~[minecraft_server.1.15.2.jar:?]
	at xb.a(SourceFile:479) ~[minecraft_server.1.15.2.jar:?]
	at xv.a(SourceFile:848) ~[minecraft_server.1.15.2.jar:?]
	at qd.a(SourceFile:122) ~[minecraft_server.1.15.2.jar:?]
	at qd$b.a(SourceFile:18) ~[minecraft_server.1.15.2.jar:?]
	at lv.a(SourceFile:21) ~[minecraft_server.1.15.2.jar:?]
	at tb.run(SourceFile:18) ~[minecraft_server.1.15.2.jar:?]
	at ais.c(SourceFile:144) [minecraft_server.1.15.2.jar:?]
	at aiw.c(SourceFile:23) [minecraft_server.1.15.2.jar:?]
	at net.minecraft.server.MinecraftServer.b(SourceFile:743) [minecraft_server.1.15.2.jar:?]
	at net.minecraft.server.MinecraftServer.c(SourceFile:138) [minecraft_server.1.15.2.jar:?]
	at ais.w(SourceFile:118) [minecraft_server.1.15.2.jar:?]
	at net.minecraft.server.MinecraftServer.ba(SourceFile:725) [minecraft_server.1.15.2.jar:?]
	at net.minecraft.server.MinecraftServer.w(SourceFile:719) [minecraft_server.1.15.2.jar:?]
	at ais.c(SourceFile:127) [minecraft_server.1.15.2.jar:?]
	at net.minecraft.server.MinecraftServer.v(SourceFile:704) [minecraft_server.1.15.2.jar:?]
	at net.minecraft.server.MinecraftServer.run(SourceFile:659) [minecraft_server.1.15.2.jar:?]
	at java.lang.Thread.run(Thread.java:834) [?:?]
[22:56:58] [Server thread/INFO]: 西瓜王 fell from a high place
[22:57:01] [Server thread/FATAL]: Error executing task on Server
java.lang.NullPointerException: null
	at ww.b(SourceFile:201) ~[minecraft_server.1.15.2.jar:?]
	at wp.a(SourceFile:904) ~[minecraft_server.1.15.2.jar:?]
	at xb.a(SourceFile:479) ~[minecraft_server.1.15.2.jar:?]
	at xv.a(SourceFile:848) ~[minecraft_server.1.15.2.jar:?]
	at qd.a(SourceFile:122) ~[minecraft_server.1.15.2.jar:?]
	at qd$a.a(SourceFile:56) ~[minecraft_server.1.15.2.jar:?]
	at lv.a(SourceFile:21) ~[minecraft_server.1.15.2.jar:?]
	at tb.run(SourceFile:18) ~[minecraft_server.1.15.2.jar:?]
	at ais.c(SourceFile:144) [minecraft_server.1.15.2.jar:?]
	at aiw.c(SourceFile:23) [minecraft_server.1.15.2.jar:?]
	at net.minecraft.server.MinecraftServer.b(SourceFile:743) [minecraft_server.1.15.2.jar:?]
	at net.minecraft.server.MinecraftServer.c(SourceFile:138) [minecraft_server.1.15.2.jar:?]
	at ais.w(SourceFile:118) [minecraft_server.1.15.2.jar:?]
	at net.minecraft.server.MinecraftServer.ba(SourceFile:725) [minecraft_server.1.15.2.jar:?]
	at net.minecraft.server.MinecraftServer.w(SourceFile:719) [minecraft_server.1.15.2.jar:?]
	at ais.bk(SourceFile:103) [minecraft_server.1.15.2.jar:?]
	at net.minecraft.server.MinecraftServer.v(SourceFile:703) [minecraft_server.1.15.2.jar:?]
	at net.minecraft.server.MinecraftServer.run(SourceFile:659) [minecraft_server.1.15.2.jar:?]
	at java.lang.Thread.run(Thread.java:834) [?:?]
[22:57:03] [Server thread/FATAL]: Error executing task on Server
java.lang.NullPointerException: null
	at ww.b(SourceFile:201) ~[minecraft_server.1.15.2.jar:?]
	at wp.a(SourceFile:904) ~[minecraft_server.1.15.2.jar:?]
	at xb.a(SourceFile:479) ~[minecraft_server.1.15.2.jar:?]
	at xv.a(SourceFile:848) ~[minecraft_server.1.15.2.jar:?]
	at qd.a(SourceFile:122) ~[minecraft_server.1.15.2.jar:?]
	at qd$b.a(SourceFile:18) ~[minecraft_server.1.15.2.jar:?]
	at lv.a(SourceFile:21) ~[minecraft_server.1.15.2.jar:?]
	at tb.run(SourceFile:18) ~[minecraft_server.1.15.2.jar:?]
	at ais.c(SourceFile:144) [minecraft_server.1.15.2.jar:?]
	at aiw.c(SourceFile:23) [minecraft_server.1.15.2.jar:?]
	at net.minecraft.server.MinecraftServer.b(SourceFile:743) [minecraft_server.1.15.2.jar:?]
	at net.minecraft.server.MinecraftServer.c(SourceFile:138) [minecraft_server.1.15.2.jar:?]
	at ais.w(SourceFile:118) [minecraft_server.1.15.2.jar:?]
	at net.minecraft.server.MinecraftServer.ba(SourceFile:725) [minecraft_server.1.15.2.jar:?]
	at net.minecraft.server.MinecraftServer.w(SourceFile:719) [minecraft_server.1.15.2.jar:?]
	at ais.c(SourceFile:127) [minecraft_server.1.15.2.jar:?]
	at net.minecraft.server.MinecraftServer.v(SourceFile:704) [minecraft_server.1.15.2.jar:?]
	at net.minecraft.server.MinecraftServer.run(SourceFile:659) [minecraft_server.1.15.2.jar:?]
	at java.lang.Thread.run(Thread.java:834) [?:?]
[22:57:16] [Server thread/INFO]: 西瓜王 fell from a high place
[22:57:19] [Server thread/FATAL]: Error executing task on Server
java.lang.NullPointerException: null
	at ww.b(SourceFile:201) ~[minecraft_server.1.15.2.jar:?]
	at wp.a(SourceFile:904) ~[minecraft_server.1.15.2.jar:?]
	at xb.a(SourceFile:479) ~[minecraft_server.1.15.2.jar:?]
	at xv.a(SourceFile:848) ~[minecraft_server.1.15.2.jar:?]
	at qd.a(SourceFile:122) ~[minecraft_server.1.15.2.jar:?]
	at qd$b.a(SourceFile:18) ~[minecraft_server.1.15.2.jar:?]
	at lv.a(SourceFile:21) ~[minecraft_server.1.15.2.jar:?]
	at tb.run(SourceFile:18) ~[minecraft_server.1.15.2.jar:?]
	at ais.c(SourceFile:144) [minecraft_server.1.15.2.jar:?]
	at aiw.c(SourceFile:23) [minecraft_server.1.15.2.jar:?]
	at net.minecraft.server.MinecraftServer.b(SourceFile:743) [minecraft_server.1.15.2.jar:?]
	at net.minecraft.server.MinecraftServer.c(SourceFile:138) [minecraft_server.1.15.2.jar:?]
	at ais.w(SourceFile:118) [minecraft_server.1.15.2.jar:?]
	at net.minecraft.server.MinecraftServer.ba(SourceFile:725) [minecraft_server.1.15.2.jar:?]
	at net.minecraft.server.MinecraftServer.w(SourceFile:719) [minecraft_server.1.15.2.jar:?]
	at ais.c(SourceFile:127) [minecraft_server.1.15.2.jar:?]
	at net.minecraft.server.MinecraftServer.v(SourceFile:704) [minecraft_server.1.15.2.jar:?]
	at net.minecraft.server.MinecraftServer.run(SourceFile:659) [minecraft_server.1.15.2.jar:?]
	at java.lang.Thread.run(Thread.java:834) [?:?]
[22:57:21] [Server thread/FATAL]: Error executing task on Server
java.lang.NullPointerException: null
	at ww.b(SourceFile:201) ~[minecraft_server.1.15.2.jar:?]
	at wp.a(SourceFile:904) ~[minecraft_server.1.15.2.jar:?]
	at xb.a(SourceFile:479) ~[minecraft_server.1.15.2.jar:?]
	at xv.a(SourceFile:848) ~[minecraft_server.1.15.2.jar:?]
	at qd.a(SourceFile:122) ~[minecraft_server.1.15.2.jar:?]
	at qd$b.a(SourceFile:18) ~[minecraft_server.1.15.2.jar:?]
	at lv.a(SourceFile:21) ~[minecraft_server.1.15.2.jar:?]
	at tb.run(SourceFile:18) ~[minecraft_server.1.15.2.jar:?]
	at ais.c(SourceFile:144) [minecraft_server.1.15.2.jar:?]
	at aiw.c(SourceFile:23) [minecraft_server.1.15.2.jar:?]
	at net.minecraft.server.MinecraftServer.b(SourceFile:743) [minecraft_server.1.15.2.jar:?]
	at net.minecraft.server.MinecraftServer.c(SourceFile:138) [minecraft_server.1.15.2.jar:?]
	at ais.w(SourceFile:118) [minecraft_server.1.15.2.jar:?]
	at net.minecraft.server.MinecraftServer.ba(SourceFile:725) [minecraft_server.1.15.2.jar:?]
	at net.minecraft.server.MinecraftServer.w(SourceFile:719) [minecraft_server.1.15.2.jar:?]
	at ais.c(SourceFile:127) [minecraft_server.1.15.2.jar:?]
	at net.minecraft.server.MinecraftServer.v(SourceFile:704) [minecraft_server.1.15.2.jar:?]
	at net.minecraft.server.MinecraftServer.run(SourceFile:659) [minecraft_server.1.15.2.jar:?]
	at java.lang.Thread.run(Thread.java:834) [?:?]
[22:57:30] [Server thread/INFO]: 西瓜王 fell from a high place
[22:57:34] [Server thread/FATAL]: Error executing task on Server
java.lang.NullPointerException: null
	at ww.b(SourceFile:201) ~[minecraft_server.1.15.2.jar:?]
	at wp.a(SourceFile:904) ~[minecraft_server.1.15.2.jar:?]
	at xb.a(SourceFile:479) ~[minecraft_server.1.15.2.jar:?]
	at xv.a(SourceFile:848) ~[minecraft_server.1.15.2.jar:?]
	at qd.a(SourceFile:122) ~[minecraft_server.1.15.2.jar:?]
	at qd$a.a(SourceFile:56) ~[minecraft_server.1.15.2.jar:?]
	at lv.a(SourceFile:21) ~[minecraft_server.1.15.2.jar:?]
	at tb.run(SourceFile:18) ~[minecraft_server.1.15.2.jar:?]
	at ais.c(SourceFile:144) [minecraft_server.1.15.2.jar:?]
	at aiw.c(SourceFile:23) [minecraft_server.1.15.2.jar:?]
	at net.minecraft.server.MinecraftServer.b(SourceFile:743) [minecraft_server.1.15.2.jar:?]
	at net.minecraft.server.MinecraftServer.c(SourceFile:138) [minecraft_server.1.15.2.jar:?]
	at ais.w(SourceFile:118) [minecraft_server.1.15.2.jar:?]
	at net.minecraft.server.MinecraftServer.ba(SourceFile:725) [minecraft_server.1.15.2.jar:?]
	at net.minecraft.server.MinecraftServer.w(SourceFile:719) [minecraft_server.1.15.2.jar:?]
	at ais.c(SourceFile:127) [minecraft_server.1.15.2.jar:?]
	at net.minecraft.server.MinecraftServer.v(SourceFile:704) [minecraft_server.1.15.2.jar:?]
	at net.minecraft.server.MinecraftServer.run(SourceFile:659) [minecraft_server.1.15.2.jar:?]
	at java.lang.Thread.run(Thread.java:834) [?:?]
[22:57:36] [Server thread/FATAL]: Error executing task on Server
java.lang.NullPointerException: null
	at ww.b(SourceFile:201) ~[minecraft_server.1.15.2.jar:?]
	at wp.a(SourceFile:904) ~[minecraft_server.1.15.2.jar:?]
	at xb.a(SourceFile:479) ~[minecraft_server.1.15.2.jar:?]
	at xv.a(SourceFile:848) ~[minecraft_server.1.15.2.jar:?]
	at qd.a(SourceFile:122) ~[minecraft_server.1.15.2.jar:?]
	at qd$a.a(SourceFile:56) ~[minecraft_server.1.15.2.jar:?]
	at lv.a(SourceFile:21) ~[minecraft_server.1.15.2.jar:?]
	at tb.run(SourceFile:18) ~[minecraft_server.1.15.2.jar:?]
	at ais.c(SourceFile:144) [minecraft_server.1.15.2.jar:?]
	at aiw.c(SourceFile:23) [minecraft_server.1.15.2.jar:?]
	at net.minecraft.server.MinecraftServer.b(SourceFile:743) [minecraft_server.1.15.2.jar:?]
	at net.minecraft.server.MinecraftServer.c(SourceFile:138) [minecraft_server.1.15.2.jar:?]
	at ais.w(SourceFile:118) [minecraft_server.1.15.2.jar:?]
	at net.minecraft.server.MinecraftServer.ba(SourceFile:725) [minecraft_server.1.15.2.jar:?]
	at net.minecraft.server.MinecraftServer.w(SourceFile:719) [minecraft_server.1.15.2.jar:?]
	at ais.c(SourceFile:127) [minecraft_server.1.15.2.jar:?]
	at net.minecraft.server.MinecraftServer.v(SourceFile:704) [minecraft_server.1.15.2.jar:?]
	at net.minecraft.server.MinecraftServer.run(SourceFile:659) [minecraft_server.1.15.2.jar:?]
	at java.lang.Thread.run(Thread.java:834) [?:?]
[22:57:48] [Server thread/INFO]: 西瓜王 fell from a high place
[22:57:52] [Server thread/FATAL]: Error executing task on Server
java.lang.NullPointerException: null
	at ww.b(SourceFile:201) ~[minecraft_server.1.15.2.jar:?]
	at wp.a(SourceFile:904) ~[minecraft_server.1.15.2.jar:?]
	at xb.a(SourceFile:479) ~[minecraft_server.1.15.2.jar:?]
	at xv.a(SourceFile:848) ~[minecraft_server.1.15.2.jar:?]
	at qd.a(SourceFile:122) ~[minecraft_server.1.15.2.jar:?]
	at qd$b.a(SourceFile:18) ~[minecraft_server.1.15.2.jar:?]
	at lv.a(SourceFile:21) ~[minecraft_server.1.15.2.jar:?]
	at tb.run(SourceFile:18) ~[minecraft_server.1.15.2.jar:?]
	at ais.c(SourceFile:144) [minecraft_server.1.15.2.jar:?]
	at aiw.c(SourceFile:23) [minecraft_server.1.15.2.jar:?]
	at net.minecraft.server.MinecraftServer.b(SourceFile:743) [minecraft_server.1.15.2.jar:?]
	at net.minecraft.server.MinecraftServer.c(SourceFile:138) [minecraft_server.1.15.2.jar:?]
	at ais.w(SourceFile:118) [minecraft_server.1.15.2.jar:?]
	at net.minecraft.server.MinecraftServer.ba(SourceFile:725) [minecraft_server.1.15.2.jar:?]
	at net.minecraft.server.MinecraftServer.w(SourceFile:719) [minecraft_server.1.15.2.jar:?]
	at ais.c(SourceFile:127) [minecraft_server.1.15.2.jar:?]
	at net.minecraft.server.MinecraftServer.v(SourceFile:704) [minecraft_server.1.15.2.jar:?]
	at net.minecraft.server.MinecraftServer.run(SourceFile:659) [minecraft_server.1.15.2.jar:?]
	at java.lang.Thread.run(Thread.java:834) [?:?]
[22:57:55] [Server thread/INFO]: 西瓜王 lost connection: Timed out
[22:57:55] [Server thread/INFO]: 西瓜王 left the game
[22:57:55] [Server thread/WARN]: handleDisconnection() called twice
[22:57:58] [Server thread/INFO]: 西瓜王[/113.91.88.103:22645] logged in with entity id 35244 at (229.43400171178945, 73.0, -54.13122193784633)
[22:57:58] [Server thread/INFO]: 西瓜王 joined the game
[22:58:27] [Server thread/INFO]: 西瓜王 fell from a high place
[22:58:28] [Server thread/FATAL]: Error executing task on Server
java.lang.NullPointerException: null
	at ww.b(SourceFile:201) ~[minecraft_server.1.15.2.jar:?]
	at wp.a(SourceFile:904) ~[minecraft_server.1.15.2.jar:?]
	at xb.a(SourceFile:479) ~[minecraft_server.1.15.2.jar:?]
	at xv.a(SourceFile:848) ~[minecraft_server.1.15.2.jar:?]
	at qd.a(SourceFile:122) ~[minecraft_server.1.15.2.jar:?]
	at qd$b.a(SourceFile:18) ~[minecraft_server.1.15.2.jar:?]
	at lv.a(SourceFile:21) ~[minecraft_server.1.15.2.jar:?]
	at tb.run(SourceFile:18) ~[minecraft_server.1.15.2.jar:?]
	at ais.c(SourceFile:144) [minecraft_server.1.15.2.jar:?]
	at aiw.c(SourceFile:23) [minecraft_server.1.15.2.jar:?]
	at net.minecraft.server.MinecraftServer.b(SourceFile:743) [minecraft_server.1.15.2.jar:?]
	at net.minecraft.server.MinecraftServer.c(SourceFile:138) [minecraft_server.1.15.2.jar:?]
	at ais.w(SourceFile:118) [minecraft_server.1.15.2.jar:?]
	at net.minecraft.server.MinecraftServer.ba(SourceFile:725) [minecraft_server.1.15.2.jar:?]
	at net.minecraft.server.MinecraftServer.w(SourceFile:719) [minecraft_server.1.15.2.jar:?]
	at ais.bk(SourceFile:103) [minecraft_server.1.15.2.jar:?]
	at net.minecraft.server.MinecraftServer.v(SourceFile:703) [minecraft_server.1.15.2.jar:?]
	at net.minecraft.server.MinecraftServer.run(SourceFile:659) [minecraft_server.1.15.2.jar:?]
	at java.lang.Thread.run(Thread.java:834) [?:?]
[22:58:30] [Server thread/INFO]: 西瓜王 lost connection: Timed out
[22:58:30] [Server thread/INFO]: 西瓜王 left the game
[22:58:33] [Server thread/INFO]: 西瓜王[/113.91.88.103:22713] logged in with entity id 35369 at (245.16951883647303, 76.0, -63.58031475107997)
[22:58:33] [Server thread/INFO]: 西瓜王 joined the game
[22:59:05] [Server thread/INFO]: 西瓜王 lost connection: Timed out
[22:59:05] [Server thread/INFO]: 西瓜王 left the game
[22:59:13] [Server thread/INFO]: 西瓜王[/113.91.88.103:22731] logged in with entity id 35372 at (245.5, 252.0000002, -77.5)
[22:59:13] [Server thread/INFO]: 西瓜王 joined the game
[23:12:10] [Server thread/INFO]: 西瓜王 burned to death
[23:27:25] [Server thread/INFO]: 西瓜王 went up in flames
[23:32:33] [Server thread/INFO]: 西瓜王 fell from a high place
[23:33:27] [Server thread/INFO]: 西瓜王 went up in flames
[23:34:11] [Server thread/INFO]: 西瓜王 fell from a high place
[23:34:22] [Server thread/INFO]: 西瓜王 fell from a high place
[23:34:26] [Server thread/FATAL]: Error executing task on Server
java.lang.NullPointerException: null
	at ww.b(SourceFile:201) ~[minecraft_server.1.15.2.jar:?]
	at wp.a(SourceFile:904) ~[minecraft_server.1.15.2.jar:?]
	at xb.a(SourceFile:479) ~[minecraft_server.1.15.2.jar:?]
	at xv.a(SourceFile:848) ~[minecraft_server.1.15.2.jar:?]
	at qd.a(SourceFile:122) ~[minecraft_server.1.15.2.jar:?]
	at qd$b.a(SourceFile:18) ~[minecraft_server.1.15.2.jar:?]
	at lv.a(SourceFile:21) ~[minecraft_server.1.15.2.jar:?]
	at tb.run(SourceFile:18) ~[minecraft_server.1.15.2.jar:?]
	at ais.c(SourceFile:144) [minecraft_server.1.15.2.jar:?]
	at aiw.c(SourceFile:23) [minecraft_server.1.15.2.jar:?]
	at net.minecraft.server.MinecraftServer.b(SourceFile:743) [minecraft_server.1.15.2.jar:?]
	at net.minecraft.server.MinecraftServer.c(SourceFile:138) [minecraft_server.1.15.2.jar:?]
	at ais.w(SourceFile:118) [minecraft_server.1.15.2.jar:?]
	at net.minecraft.server.MinecraftServer.ba(SourceFile:725) [minecraft_server.1.15.2.jar:?]
	at net.minecraft.server.MinecraftServer.w(SourceFile:719) [minecraft_server.1.15.2.jar:?]
	at ais.c(SourceFile:127) [minecraft_server.1.15.2.jar:?]
	at net.minecraft.server.MinecraftServer.v(SourceFile:704) [minecraft_server.1.15.2.jar:?]
	at net.minecraft.server.MinecraftServer.run(SourceFile:659) [minecraft_server.1.15.2.jar:?]
	at java.lang.Thread.run(Thread.java:834) [?:?]
[23:34:26] [Server thread/FATAL]: Error executing task on Server
java.lang.NullPointerException: null
	at ww.b(SourceFile:201) ~[minecraft_server.1.15.2.jar:?]
	at wp.a(SourceFile:904) ~[minecraft_server.1.15.2.jar:?]
	at xb.a(SourceFile:479) ~[minecraft_server.1.15.2.jar:?]
	at xv.a(SourceFile:848) ~[minecraft_server.1.15.2.jar:?]
	at qd.a(SourceFile:122) ~[minecraft_server.1.15.2.jar:?]
	at qd$a.a(SourceFile:56) ~[minecraft_server.1.15.2.jar:?]
	at lv.a(SourceFile:21) ~[minecraft_server.1.15.2.jar:?]
	at tb.run(SourceFile:18) ~[minecraft_server.1.15.2.jar:?]
	at ais.c(SourceFile:144) [minecraft_server.1.15.2.jar:?]
	at aiw.c(SourceFile:23) [minecraft_server.1.15.2.jar:?]
	at net.minecraft.server.MinecraftServer.b(SourceFile:743) [minecraft_server.1.15.2.jar:?]
	at net.minecraft.server.MinecraftServer.c(SourceFile:138) [minecraft_server.1.15.2.jar:?]
	at ais.w(SourceFile:118) [minecraft_server.1.15.2.jar:?]
	at net.minecraft.server.MinecraftServer.ba(SourceFile:725) [minecraft_server.1.15.2.jar:?]
	at net.minecraft.server.MinecraftServer.w(SourceFile:719) [minecraft_server.1.15.2.jar:?]
	at ais.c(SourceFile:127) [minecraft_server.1.15.2.jar:?]
	at net.minecraft.server.MinecraftServer.v(SourceFile:704) [minecraft_server.1.15.2.jar:?]
	at net.minecraft.server.MinecraftServer.run(SourceFile:659) [minecraft_server.1.15.2.jar:?]
	at java.lang.Thread.run(Thread.java:834) [?:?]
[23:34:58] [Server thread/INFO]: 西瓜王 fell from a high place
[23:35:17] [Server thread/INFO]: 西瓜王 fell from a high place
[23:36:51] [Server thread/INFO]: 西瓜王 fell from a high place
[23:45:49] [Server thread/INFO]: 西瓜王 went up in flames
[23:46:38] [Server thread/INFO]: 西瓜王 fell from a high place
[23:46:58] [Server thread/INFO]: 西瓜王 fell from a high place
[23:58:10] [Server thread/INFO]: 西瓜王 was blown up by Creeper
[00:16:08] [Server thread/INFO]: 西瓜王 was slain by Zombie
[00:16:37] [Server thread/INFO]: 西瓜王 was shot by Skeleton
[00:16:57] [Server thread/INFO]: 西瓜王 fell from a high place
[00:18:11] [Server thread/INFO]: 西瓜王 was shot by Skeleton
[00:23:00] [Server thread/INFO]: 西瓜王 lost connection: Disconnected
[00:23:00] [Server thread/INFO]: 西瓜王 left the game
[00:23:03] [Server thread/INFO]: 西瓜王[/113.91.88.103:21577] logged in with entity id 47349 at (258.47794715325045, 75.0, -56.67991143473538)
[00:23:03] [Server thread/INFO]: 西瓜王 joined the game
[00:29:16] [Server thread/INFO]: 西瓜王 lost connection: Disconnected
[00:29:16] [Server thread/INFO]: 西瓜王 left the game
[19:44:05] [Server thread/INFO]: Shinku[/183.237.66.137:62032] logged in with entity id 47965 at (249.89811676530095, 124.0, -81.06635432448157)
[19:44:05] [Server thread/INFO]: Shinku joined the game
[19:46:40] [Server thread/INFO]: Shinku fell from a high place
[19:47:02] [Server thread/INFO]: Shinku lost connection: Disconnected
[19:47:02] [Server thread/INFO]: Shinku left the game
[00:28:09] [Server thread/INFO]: Stopping server
[00:28:09] [Server thread/INFO]: Saving players
[00:28:09] [Server thread/INFO]: Saving worlds
[00:28:09] [Server thread/INFO]: Saving chunks for level 'world'/minecraft:the_end
[00:28:09] [Server thread/INFO]: ThreadedAnvilChunkStorage (DIM1): All chunks are saved
[00:28:09] [Server thread/INFO]: Saving chunks for level 'world'/minecraft:overworld
[00:28:09] [Server thread/INFO]: ThreadedAnvilChunkStorage (world): All chunks are saved
[00:28:09] [Server thread/INFO]: Saving chunks for level 'world'/minecraft:the_nether
[00:28:09] [Server thread/INFO]: ThreadedAnvilChunkStorage (DIM-1): All chunks are saved
[00:28:09] [Server thread/INFO]: ThreadedAnvilChunkStorage (DIM1): All chunks are saved
[00:28:09] [Server thread/INFO]: ThreadedAnvilChunkStorage (world): All chunks are saved
[00:28:09] [Server thread/INFO]: ThreadedAnvilChunkStorage (DIM-1): All chunks are saved
[16:13:33] [main/WARN]: Ambiguity between arguments [teleport, destination] and [teleport, targets] with inputs: [Player, 0123, @e, dd12be42-52a9-4a91-a8a1-11c01849e498]
[16:13:33] [main/WARN]: Ambiguity between arguments [teleport, location] and [teleport, destination] with inputs: [0.1 -0.5 .9, 0 0 0]
[16:13:33] [main/WARN]: Ambiguity between arguments [teleport, location] and [teleport, targets] with inputs: [0.1 -0.5 .9, 0 0 0]
[16:13:33] [main/WARN]: Ambiguity between arguments [teleport, targets] and [teleport, destination] with inputs: [Player, 0123, dd12be42-52a9-4a91-a8a1-11c01849e498]
[16:13:33] [main/WARN]: Ambiguity between arguments [teleport, targets, location] and [teleport, targets, destination] with inputs: [0.1 -0.5 .9, 0 0 0]
[16:13:33] [Server thread/INFO]: Starting minecraft server version 1.15.2
[16:13:33] [Server thread/INFO]: Loading properties
[16:13:33] [Server thread/INFO]: Default game type: SURVIVAL
[16:13:33] [Server thread/INFO]: Generating keypair
[16:13:33] [Server console handler/ERROR]: Exception handling console input
java.io.IOException: Bad file descriptor
	at java.io.FileInputStream.readBytes(Native Method) ~[?:?]
	at java.io.FileInputStream.read(FileInputStream.java:279) ~[?:?]
	at java.io.BufferedInputStream.read1(BufferedInputStream.java:290) ~[?:?]
	at java.io.BufferedInputStream.read(BufferedInputStream.java:351) ~[?:?]
	at sun.nio.cs.StreamDecoder.readBytes(StreamDecoder.java:284) ~[?:?]
	at sun.nio.cs.StreamDecoder.implRead(StreamDecoder.java:326) ~[?:?]
	at sun.nio.cs.StreamDecoder.read(StreamDecoder.java:178) ~[?:?]
	at java.io.InputStreamReader.read(InputStreamReader.java:185) ~[?:?]
	at java.io.BufferedReader.fill(BufferedReader.java:161) ~[?:?]
	at java.io.BufferedReader.readLine(BufferedReader.java:326) ~[?:?]
	at java.io.BufferedReader.readLine(BufferedReader.java:392) ~[?:?]
	at wd$2.run(SourceFile:110) [minecraft_server.1.15.2.jar:?]
[16:13:34] [Server thread/INFO]: Starting Minecraft server on *:25565
[16:13:34] [Server thread/INFO]: Using epoll channel type
[16:13:34] [Server thread/WARN]: **** SERVER IS RUNNING IN OFFLINE/INSECURE MODE!
[16:13:34] [Server thread/WARN]: The server will make no attempt to authenticate usernames. Beware.
[16:13:34] [Server thread/WARN]: While this makes the game possible to play without internet access, it also opens up the ability for hackers to connect with any username they choose.
[16:13:34] [Server thread/WARN]: To change this, set "online-mode" to "true" in the server.properties file.
[16:13:34] [Server thread/INFO]: Preparing level "world"
[16:13:34] [Server thread/INFO]: Reloading ResourceManager: Default
[16:14:10] [Server thread/INFO]: Loaded 6 recipes
[16:14:10] [Server thread/INFO]: Loaded 825 advancements
[16:14:10] [Server thread/INFO]: Preparing start region for dimension minecraft:overworld
[16:14:12] [Server thread/INFO]: Preparing spawn area: 0%
[16:14:12] [Server thread/INFO]: Preparing spawn area: 0%
[16:14:12] [Server thread/INFO]: Preparing spawn area: 0%
[16:14:12] [Server thread/INFO]: Preparing spawn area: 0%
[16:14:13] [Server thread/INFO]: Preparing spawn area: 0%
[16:14:13] [Server thread/INFO]: Preparing spawn area: 59%
[16:14:13] [Server thread/INFO]: Time elapsed: 2971 ms
[16:14:13] [Server thread/INFO]: Done (39.147s)! For help, type "help"
[18:30:34] [Server thread/INFO]: Shinku[/183.237.66.137:58983] logged in with entity id 186 at (254.02532743429697, 124.0, -84.98762189359073)
[18:30:34] [Server thread/INFO]: Shinku joined the game
[18:31:11] [Server thread/INFO]: Shinku lost connection: Disconnected
[18:31:11] [Server thread/INFO]: Shinku left the game
[18:33:24] [Server thread/INFO]: Shinku[/183.237.66.137:59177] logged in with entity id 298 at (246.8571216122935, 124.0, -84.15128200837651)
[18:33:24] [Server thread/INFO]: Shinku joined the game
[18:34:01] [Server thread/INFO]: Shinku lost connection: Disconnected
[18:34:01] [Server thread/INFO]: Shinku left the game
[18:35:30] [Server thread/INFO]: Shinku[/183.237.66.137:59292] logged in with entity id 420 at (252.98624574657293, 74.0, -30.07256755267041)
[18:35:30] [Server thread/INFO]: Shinku joined the game
[18:35:39] [Server thread/INFO]: Shinku lost connection: Disconnected
[18:35:39] [Server thread/INFO]: Shinku left the game
[18:38:29] [Server thread/INFO]: Shinku[/183.237.66.137:61634] logged in with entity id 427 at (252.98624574657293, 74.0, -30.07256755267041)
[18:38:29] [Server thread/INFO]: Shinku joined the game
[18:39:22] [Server thread/INFO]: Shinku lost connection: Disconnected
[18:39:23] [Server thread/INFO]: Shinku left the game
[18:40:37] [Server thread/INFO]: God[/183.237.66.137:59536] logged in with entity id 531 at (175.5, 64.0, -100.5)
[18:40:37] [Server thread/INFO]: God joined the game
[18:41:14] [Server thread/WARN]: Mismatch in destroy block pos: fk{x=187, y=64, z=-75} fk{x=184, y=62, z=-80}
[18:41:14] [Server thread/WARN]: Mismatch in destroy block pos: fk{x=187, y=64, z=-75} fk{x=184, y=62, z=-80}
[18:41:24] [Server thread/INFO]: God lost connection: Disconnected
[18:41:24] [Server thread/INFO]: God left the game
[18:43:42] [Server thread/INFO]: god[/183.237.66.137:59660] logged in with entity id 719 at (251.84606055348297, 86.11650136792812, -72.43004119619135)
[18:43:42] [Server thread/INFO]: god joined the game
[18:46:35] [Server thread/WARN]: Fetching packet for removed entity awb['Cobblestone'/1361, l='world', x=281.53, y=48.71, z=-173.53]
[18:46:35] [Server thread/WARN]: Fetching packet for removed entity awb['Cobblestone'/1387, l='world', x=282.60, y=50.50, z=-168.47]
[18:46:35] [Server thread/WARN]: Fetching packet for removed entity awb['Andesite'/1388, l='world', x=281.46, y=44.33, z=-167.26]
[18:46:35] [Server thread/WARN]: Fetching packet for removed entity awb['Dirt'/1389, l='world', x=286.26, y=48.48, z=-170.62]
[18:46:35] [Server thread/WARN]: Fetching packet for removed entity awb['Diorite'/1390, l='world', x=278.33, y=46.62, z=-170.31]
[18:46:35] [Server thread/WARN]: Fetching packet for removed entity awb['Cobblestone'/1391, l='world', x=279.67, y=47.41, z=-166.72]
[18:46:35] [Server thread/WARN]: Fetching packet for removed entity awb['Cobblestone'/1392, l='world', x=283.44, y=47.75, z=-166.40]
[18:46:35] [Server thread/WARN]: Fetching packet for removed entity awb['Andesite'/1393, l='world', x=282.60, y=45.63, z=-168.38]
[18:46:35] [Server thread/WARN]: Fetching packet for removed entity awb['Andesite'/1394, l='world', x=280.34, y=43.49, z=-167.55]
[18:46:35] [Server thread/WARN]: Fetching packet for removed entity awb['Cobblestone'/1395, l='world', x=278.61, y=43.43, z=-169.59]
[18:46:35] [Server thread/WARN]: Fetching packet for removed entity awb['Granite'/1396, l='world', x=278.67, y=48.42, z=-173.28]
[18:46:35] [Server thread/WARN]: Fetching packet for removed entity awb['Diorite'/1397, l='world', x=277.62, y=46.35, z=-169.75]
[18:46:35] [Server thread/WARN]: Fetching packet for removed entity awb['Andesite'/1424, l='world', x=278.29, y=52.70, z=-169.66]
[18:46:35] [Server thread/WARN]: Fetching packet for removed entity awb['Granite'/1425, l='world', x=273.36, y=54.26, z=-173.48]
[18:46:35] [Server thread/WARN]: Fetching packet for removed entity awb['Cobblestone'/1427, l='world', x=274.34, y=54.42, z=-170.56]
[18:46:35] [Server thread/WARN]: Fetching packet for removed entity awb['Andesite'/1428, l='world', x=273.39, y=52.35, z=-170.50]
[18:46:35] [Server thread/WARN]: Fetching packet for removed entity awb['Cobblestone'/1429, l='world', x=275.36, y=53.34, z=-176.33]
[18:46:36] [Server thread/WARN]: Fetching packet for removed entity awb['Cobblestone'/1487, l='world', x=278.58, y=38.60, z=-174.58]
[18:46:36] [Server thread/WARN]: Fetching packet for removed entity awb['Cobblestone'/1489, l='world', x=278.59, y=42.35, z=-176.30]
[18:46:36] [Server thread/WARN]: Fetching packet for removed entity awb['Cobblestone'/1490, l='world', x=273.46, y=42.71, z=-176.59]
[18:46:36] [Server thread/WARN]: Fetching packet for removed entity awb['Cobblestone'/1491, l='world', x=275.35, y=41.52, z=-176.40]
[18:46:36] [Server thread/WARN]: Fetching packet for removed entity awb['Cobblestone'/1492, l='world', x=274.41, y=39.64, z=-172.67]
[18:46:36] [Server thread/WARN]: Fetching packet for removed entity awb['Cobblestone'/1493, l='world', x=277.58, y=35.30, z=-171.71]
[18:46:36] [Server thread/WARN]: Fetching packet for removed entity awb['Andesite'/1494, l='world', x=275.39, y=39.30, z=-171.37]
[18:46:36] [Server thread/WARN]: Fetching packet for removed entity awb['Coal'/1495, l='world', x=278.26, y=37.59, z=-175.73]
[18:46:36] [Server thread/WARN]: Fetching packet for removed entity awb['Cobblestone'/1496, l='world', x=276.45, y=34.37, z=-171.29]
[18:46:36] [Server thread/WARN]: Fetching packet for removed entity awb['Cobblestone'/1497, l='world', x=278.48, y=35.75, z=-173.29]
[18:46:36] [Server thread/WARN]: Fetching packet for removed entity awb['Cobblestone'/1498, l='world', x=274.46, y=35.33, z=-174.57]
[18:46:36] [Server thread/WARN]: Fetching packet for removed entity awb['Andesite'/1509, l='world', x=273.48, y=37.41, z=-176.30]
[18:46:36] [Server thread/WARN]: Fetching packet for removed entity awb['Cobblestone'/1511, l='world', x=273.63, y=35.30, z=-174.43]
[18:46:36] [Server thread/WARN]: Fetching packet for removed entity awb['Andesite'/1512, l='world', x=276.63, y=36.71, z=-176.47]
[18:53:17] [Server thread/WARN]: Fetching packet for removed entity awb['Cobblestone'/2366, l='world', x=187.50, y=54.58, z=-248.33]
[18:53:17] [Server thread/WARN]: Fetching packet for removed entity awb['Granite'/2367, l='world', x=188.44, y=54.43, z=-245.55]
[18:53:19] [Server thread/WARN]: Fetching packet for removed entity awb['Andesite'/2417, l='world', x=184.50, y=45.36, z=-244.35]
[18:53:19] [Server thread/WARN]: Fetching packet for removed entity awb['Cobblestone'/2418, l='world', x=182.58, y=45.26, z=-245.55]
[18:53:19] [Server thread/WARN]: Fetching packet for removed entity awb['Diorite'/2419, l='world', x=185.39, y=44.69, z=-245.67]
[18:53:19] [Server thread/WARN]: Fetching packet for removed entity awb['Cobblestone'/2420, l='world', x=183.72, y=44.52, z=-244.51]
[18:53:20] [Server thread/WARN]: Fetching packet for removed entity awb['Cobblestone'/2490, l='world', x=186.55, y=35.54, z=-247.63]
[18:53:20] [Server thread/WARN]: Fetching packet for removed entity awb['Gravel'/2491, l='world', x=186.41, y=36.66, z=-241.65]
[18:53:20] [Server thread/WARN]: Fetching packet for removed entity awb['Andesite'/2492, l='world', x=186.42, y=36.42, z=-246.28]
[18:53:20] [Server thread/WARN]: Fetching packet for removed entity awb['Cobblestone'/2493, l='world', x=184.73, y=39.46, z=-248.43]
[18:53:20] [Server thread/WARN]: Fetching packet for removed entity awb['Cobblestone'/2494, l='world', x=187.68, y=37.44, z=-244.42]
[18:53:21] [Server thread/WARN]: Fetching packet for removed entity awb['Cobblestone'/2552, l='world', x=182.28, y=32.67, z=-243.70]
[18:57:11] [Server thread/WARN]: Fetching packet for removed entity awb['Cobblestone'/3383, l='world', x=243.60, y=68.32, z=-48.49]
[18:57:12] [Server thread/WARN]: Fetching packet for removed entity awb['Cobblestone'/3414, l='world', x=242.32, y=64.27, z=-46.66]
[18:57:12] [Server thread/WARN]: Fetching packet for removed entity awb['Cobblestone'/3415, l='world', x=242.52, y=64.61, z=-41.56]
[18:57:12] [Server thread/WARN]: Fetching packet for removed entity awb['Andesite'/3416, l='world', x=241.73, y=63.55, z=-45.68]
[18:57:12] [Server thread/WARN]: Fetching packet for removed entity awb['Cobblestone'/3417, l='world', x=242.63, y=62.50, z=-42.35]
[18:57:12] [Server thread/WARN]: Fetching packet for removed entity awb['Cobblestone'/3418, l='world', x=242.75, y=63.27, z=-46.49]
[18:57:12] [Server thread/WARN]: Fetching packet for removed entity awb['Cobblestone'/3422, l='world', x=244.45, y=67.29, z=-41.52]
[18:57:12] [Server thread/WARN]: Fetching packet for removed entity awb['Cobblestone'/3452, l='world', x=243.51, y=48.39, z=-45.64]
[18:57:12] [Server thread/WARN]: Fetching packet for removed entity awb['Iron Ore'/3453, l='world', x=242.45, y=52.71, z=-43.49]
[18:57:12] [Server thread/WARN]: Fetching packet for removed entity awb['Andesite'/3454, l='world', x=242.64, y=52.59, z=-45.74]
[18:57:12] [Server thread/WARN]: Fetching packet for removed entity awb['Cobblestone'/3455, l='world', x=242.37, y=48.62, z=-45.72]
[18:57:12] [Server thread/WARN]: Fetching packet for removed entity awb['Cobblestone'/3479, l='world', x=240.46, y=55.44, z=-44.53]
[18:57:12] [Server thread/WARN]: Fetching packet for removed entity awb['Andesite'/3480, l='world', x=240.30, y=54.49, z=-43.69]
[18:57:12] [Server thread/WARN]: Fetching packet for removed entity awb['Cobblestone'/3481, l='world', x=244.36, y=56.26, z=-47.63]
[18:57:13] [Server thread/WARN]: Fetching packet for removed entity awb['Cobblestone'/3547, l='world', x=241.35, y=49.31, z=-47.41]
[18:57:13] [Server thread/WARN]: Fetching packet for removed entity awb['Iron Ore'/3549, l='world', x=240.31, y=50.25, z=-46.72]
[18:57:14] [Server thread/WARN]: Fetching packet for removed entity awb['Cobblestone'/3572, l='world', x=243.46, y=37.53, z=-46.52]
[18:57:14] [Server thread/WARN]: Fetching packet for removed entity awb['Granite'/3573, l='world', x=240.40, y=38.57, z=-43.65]
[18:57:14] [Server thread/WARN]: Fetching packet for removed entity awb['Granite'/3579, l='world', x=241.55, y=35.49, z=-43.31]
[18:57:14] [Server thread/WARN]: Fetching packet for removed entity awb['Cobblestone'/3580, l='world', x=241.66, y=34.65, z=-46.56]
[18:57:14] [Server thread/WARN]: Fetching packet for removed entity awb['Diorite'/3581, l='world', x=242.43, y=31.64, z=-44.33]
[18:57:14] [Server thread/WARN]: Fetching packet for removed entity awb['Cobblestone'/3582, l='world', x=241.70, y=34.52, z=-45.27]
[18:57:14] [Server thread/WARN]: Fetching packet for removed entity awb['Coal'/3583, l='world', x=247.25, y=36.31, z=-42.65]
[18:57:14] [Server thread/WARN]: Fetching packet for removed entity awb['Iron Ore'/3584, l='world', x=241.31, y=35.40, z=-46.73]
[18:57:14] [Server thread/WARN]: Fetching packet for removed entity awb['Cobblestone'/3585, l='world', x=241.69, y=34.72, z=-42.25]
[18:57:16] [Server thread/WARN]: Fetching packet for removed entity awb['Diorite'/3697, l='world', x=245.52, y=14.54, z=-44.65]
[18:57:16] [Server thread/WARN]: Fetching packet for removed entity awb['Coal'/3698, l='world', x=242.53, y=13.37, z=-43.63]
[18:57:16] [Server thread/WARN]: Fetching packet for removed entity awb['Cobblestone'/3699, l='world', x=244.41, y=13.71, z=-45.50]
[18:57:16] [Server thread/WARN]: Fetching packet for removed entity awb['Cobblestone'/3700, l='world', x=245.65, y=15.28, z=-47.73]
[18:57:17] [Server thread/WARN]: Fetching packet for removed entity awb['Cobblestone'/3755, l='world', x=242.62, y=8.61, z=-44.33]
[18:57:17] [Server thread/WARN]: Fetching packet for removed entity awb['Cobblestone'/3756, l='world', x=242.49, y=7.50, z=-43.54]
[19:00:21] [Server thread/INFO]: god lost connection: Disconnected
[19:00:21] [Server thread/INFO]: god left the game
[19:03:18] [Server thread/INFO]: god[/183.237.66.137:50803] logged in with entity id 4169 at (239.41651938938728, 51.0, -40.990478996879936)
[19:03:18] [Server thread/INFO]: god joined the game
[19:28:00] [Server thread/INFO]: god lost connection: Disconnected
[19:28:00] [Server thread/INFO]: god left the game
[21:50:13] [Server thread/INFO]: /178.238.229.214:60008 lost connection: Internal Exception: io.netty.handler.codec.DecoderException: java.lang.IndexOutOfBoundsException: readerIndex(1) + length(1) exceeds writerIndex(1): PooledUnsafeDirectByteBuf(ridx: 1, widx: 1, cap: 1)
[21:50:16] [Server thread/WARN]: Can't keep up! Is the server overloaded? Running 3649ms or 72 ticks behind
[00:49:27] [Server thread/INFO]: /178.238.229.214:42640 lost connection: Internal Exception: io.netty.handler.codec.DecoderException: java.lang.IndexOutOfBoundsException: readerIndex(1) + length(1) exceeds writerIndex(1): PooledUnsafeDirectByteBuf(ridx: 1, widx: 1, cap: 1)
[14:59:35] [Server thread/INFO]: Stopping server
[14:59:35] [Server thread/INFO]: Saving players
[14:59:35] [Server thread/INFO]: Saving worlds
[14:59:36] [Server thread/INFO]: Saving chunks for level 'world'/minecraft:the_nether
